2018-10-09 17:01:16.550  INFO Nabeel-PC --- [           main] c.b.f.FserverApplication                 : Starting FserverApplication on Nabeel-PC with PID 6200 (C:\Users\AdMaxim\Desktop\fserver\target\classes started by AdMaxim in C:\Users\AdMaxim\Desktop\fserver)
2018-10-09 17:01:16.591  INFO Nabeel-PC --- [           main] c.b.f.FserverApplication                 : No active profile set, falling back to default profiles: default
2018-10-09 17:01:16.807  INFO Nabeel-PC --- [           main] ConfigServletWebServerApplicationContext : Refreshing org.springframework.boot.web.servlet.context.AnnotationConfigServletWebServerApplicationContext@6ac60391: startup date [Tue Oct 09 17:01:16 PKT 2018]; root of context hierarchy
2018-10-09 17:01:21.849  INFO Nabeel-PC --- [           main] o.s.b.w.e.t.TomcatWebServer              : Tomcat initialized with port(s): 9191 (http)
2018-10-09 17:01:21.880  INFO Nabeel-PC --- [           main] o.a.c.h.Http11NioProtocol                : Initializing ProtocolHandler ["http-nio-9191"]
2018-10-09 17:01:21.901  INFO Nabeel-PC --- [           main] o.a.c.c.StandardService                  : Starting service [Tomcat]
2018-10-09 17:01:21.903  INFO Nabeel-PC --- [           main] o.a.c.c.StandardEngine                   : Starting Servlet Engine: Apache Tomcat/8.5.34
2018-10-09 17:01:21.932  INFO Nabeel-PC --- [ost-startStop-1] o.a.c.c.AprLifecycleListener             : The APR based Apache Tomcat Native library which allows optimal performance in production environments was not found on the java.library.path: [C:\Program Files\Java\jdk1.8.0_92\bin;C:\Windows\Sun\Java\bin;C:\Windows\system32;C:\Windows;C:\ProgramData\Oracle\Java\javapath;C:\Windows\system32;C:\Windows;C:\Windows\System32\Wbem;C:\Windows\System32\WindowsPowerShell\v1.0\;C:\Program Files\TortoiseSVN\bin;C:\Program Files\apache-maven-3.5.2\bin;C:\Program Files\nodejs\;C:\Program Files\MongoDB\Server\3.6\bin;C:\Go\bin;C:\Program Files (x86)\Microsoft VS Code\bin;C:\Program Files (x86)\Microsoft VS Code\bin;C:\Users\AdMaxim\AppData\Roaming\npm;C:\Program Files\Heroku\bin;C:\Users\AdMaxim\AppData\Local\GitHubDesktop\bin;%GOPATH%\bin;.]
2018-10-09 17:01:22.099  INFO Nabeel-PC --- [ost-startStop-1] o.a.c.c.C.[.[.[/]                        : Initializing Spring embedded WebApplicationContext
2018-10-09 17:01:22.100  INFO Nabeel-PC --- [ost-startStop-1] o.s.w.c.ContextLoader                    : Root WebApplicationContext: initialization completed in 5301 ms
2018-10-09 17:01:22.215  INFO Nabeel-PC --- [ost-startStop-1] o.s.b.w.s.ServletRegistrationBean        : Servlet dispatcherServlet mapped to [/]
2018-10-09 17:01:22.222  INFO Nabeel-PC --- [ost-startStop-1] o.s.b.w.s.FilterRegistrationBean         : Mapping filter: 'characterEncodingFilter' to: [/*]
2018-10-09 17:01:22.223  INFO Nabeel-PC --- [ost-startStop-1] o.s.b.w.s.FilterRegistrationBean         : Mapping filter: 'hiddenHttpMethodFilter' to: [/*]
2018-10-09 17:01:22.225  INFO Nabeel-PC --- [ost-startStop-1] o.s.b.w.s.FilterRegistrationBean         : Mapping filter: 'httpPutFormContentFilter' to: [/*]
2018-10-09 17:01:22.225  INFO Nabeel-PC --- [ost-startStop-1] o.s.b.w.s.FilterRegistrationBean         : Mapping filter: 'requestContextFilter' to: [/*]
2018-10-09 17:01:22.302  INFO Nabeel-PC --- [           main] c.b.f.c.MongoConfiguration               : Mongo-Configuration....
2018-10-09 17:01:22.385  INFO Nabeel-PC --- [           main] c.b.f.p.IFProperties                     : local-store-properties-constructor
2018-10-09 17:01:22.389  INFO Nabeel-PC --- [           main] c.b.f.m.FileStoreManager                 : file path init. => ./uploads
2018-10-09 17:01:22.391  INFO Nabeel-PC --- [           main] c.b.f.m.FileStoreManager                 : file directories create successfully
2018-10-09 17:01:23.397  INFO Nabeel-PC --- [           main] o.m.d.cluster                            : Cluster created with settings {hosts=[localhost:27017], mode=SINGLE, requiredClusterType=UNKNOWN, serverSelectionTimeout='30000 ms', maxWaitQueueSize=500}
2018-10-09 17:01:23.553  INFO Nabeel-PC --- [localhost:27017] o.m.d.connection                         : Opened connection [connectionId{localValue:1, serverValue:46}] to localhost:27017
2018-10-09 17:01:23.570  INFO Nabeel-PC --- [localhost:27017] o.m.d.cluster                            : Monitor thread successfully connected to server with description ServerDescription{address=localhost:27017, type=STANDALONE, state=CONNECTED, ok=true, version=ServerVersion{versionList=[3, 6, 3]}, minWireVersion=0, maxWireVersion=6, maxDocumentSize=16777216, logicalSessionTimeoutMinutes=30, roundTripTimeNanos=6666225}
2018-10-09 17:01:24.657  INFO Nabeel-PC --- [           main] s.w.s.m.m.a.RequestMappingHandlerMapping : Mapped "{[/api/save/account/local],methods=[POST]}" onto public org.springframework.http.ResponseEntity<com.ballistic.fserver.restapi.APIResponse<?>> com.ballistic.fserver.restapi.AppRestController.saveAccountWithSingleFile(com.ballistic.fserver.dto.AccountBean,org.springframework.validation.BindingResult) throws com.ballistic.fserver.exception.IllegalBeanFieldException
2018-10-09 17:01:24.660  INFO Nabeel-PC --- [           main] s.w.s.m.m.a.RequestMappingHandlerMapping : Mapped "{[/api/save/accounts/local],methods=[POST]}" onto public org.springframework.http.ResponseEntity<java.util.List<com.ballistic.fserver.restapi.APIResponse<?>>> com.ballistic.fserver.restapi.AppRestController.saveAccountsWithFile(java.util.List<com.ballistic.fserver.dto.AccountBean>)
2018-10-09 17:01:24.662  INFO Nabeel-PC --- [           main] s.w.s.m.m.a.RequestMappingHandlerMapping : Mapped "{[/api/fetch/accounts/local/status={status}],methods=[GET]}" onto public java.util.List<com.ballistic.fserver.pojo.Account> com.ballistic.fserver.restapi.AppRestController.fetchAllAccountByStatus(java.lang.String)
2018-10-09 17:01:24.663  INFO Nabeel-PC --- [           main] s.w.s.m.m.a.RequestMappingHandlerMapping : Mapped "{[/api/ping],methods=[GET]}" onto public java.lang.String com.ballistic.fserver.restapi.AppRestController.pingPong()
2018-10-09 17:01:24.664  INFO Nabeel-PC --- [           main] s.w.s.m.m.a.RequestMappingHandlerMapping : Mapped "{[/api/save/file/local],methods=[POST]}" onto public org.springframework.http.ResponseEntity<com.ballistic.fserver.restapi.APIResponse> com.ballistic.fserver.restapi.AppRestController.uploadFile(org.springframework.web.multipart.MultipartFile) throws com.ballistic.fserver.exception.IllegalFileFormatException,com.ballistic.fserver.exception.FileStorageException
2018-10-09 17:01:24.665  INFO Nabeel-PC --- [           main] s.w.s.m.m.a.RequestMappingHandlerMapping : Mapped "{[/api/save/files/local],methods=[POST]}" onto public org.springframework.http.ResponseEntity<java.util.List<com.ballistic.fserver.restapi.APIResponse<?>>> com.ballistic.fserver.restapi.AppRestController.uploadFiles(java.util.List<org.springframework.web.multipart.MultipartFile>) throws com.ballistic.fserver.exception.IllegalFileFormatException,com.ballistic.fserver.exception.FileStorageException
2018-10-09 17:01:24.666  INFO Nabeel-PC --- [           main] s.w.s.m.m.a.RequestMappingHandlerMapping : Mapped "{[/api/fetch/accounts/accountId={id}],methods=[GET]}" onto public java.util.Optional<com.ballistic.fserver.pojo.Account> com.ballistic.fserver.restapi.AppRestController.fetchAccount(java.lang.String)
2018-10-09 17:01:24.667  INFO Nabeel-PC --- [           main] s.w.s.m.m.a.RequestMappingHandlerMapping : Mapped "{[/api/fetch/accounts/local],methods=[GET]}" onto public java.util.List<com.ballistic.fserver.pojo.Account> com.ballistic.fserver.restapi.AppRestController.fetchAllAccounts()
2018-10-09 17:01:24.668  INFO Nabeel-PC --- [           main] s.w.s.m.m.a.RequestMappingHandlerMapping : Mapped "{[/api/delete/account/local/accountId={id}],methods=[DELETE]}" onto public com.ballistic.fserver.pojo.Account com.ballistic.fserver.restapi.AppRestController.deleteAccount(java.lang.String)
2018-10-09 17:01:24.669  INFO Nabeel-PC --- [           main] s.w.s.m.m.a.RequestMappingHandlerMapping : Mapped "{[/api/delete/accounts/local],methods=[POST]}" onto public java.util.List<com.ballistic.fserver.pojo.Account> com.ballistic.fserver.restapi.AppRestController.deleteAccounts(java.util.List<java.lang.String>)
2018-10-09 17:01:24.678  INFO Nabeel-PC --- [           main] s.w.s.m.m.a.RequestMappingHandlerMapping : Mapped "{[/swagger-resources/configuration/ui]}" onto public org.springframework.http.ResponseEntity<springfox.documentation.swagger.web.UiConfiguration> springfox.documentation.swagger.web.ApiResourceController.uiConfiguration()
2018-10-09 17:01:24.684  INFO Nabeel-PC --- [           main] s.w.s.m.m.a.RequestMappingHandlerMapping : Mapped "{[/swagger-resources]}" onto public org.springframework.http.ResponseEntity<java.util.List<springfox.documentation.swagger.web.SwaggerResource>> springfox.documentation.swagger.web.ApiResourceController.swaggerResources()
2018-10-09 17:01:24.686  INFO Nabeel-PC --- [           main] s.w.s.m.m.a.RequestMappingHandlerMapping : Mapped "{[/swagger-resources/configuration/security]}" onto public org.springframework.http.ResponseEntity<springfox.documentation.swagger.web.SecurityConfiguration> springfox.documentation.swagger.web.ApiResourceController.securityConfiguration()
2018-10-09 17:01:24.698  INFO Nabeel-PC --- [           main] s.w.s.m.m.a.RequestMappingHandlerMapping : Mapped "{[/error]}" onto public org.springframework.http.ResponseEntity<java.util.Map<java.lang.String, java.lang.Object>> org.springframework.boot.autoconfigure.web.servlet.error.BasicErrorController.error(javax.servlet.http.HttpServletRequest)
2018-10-09 17:01:24.701  INFO Nabeel-PC --- [           main] s.w.s.m.m.a.RequestMappingHandlerMapping : Mapped "{[/error],produces=[text/html]}" onto public org.springframework.web.servlet.ModelAndView org.springframework.boot.autoconfigure.web.servlet.error.BasicErrorController.errorHtml(javax.servlet.http.HttpServletRequest,javax.servlet.http.HttpServletResponse)
2018-10-09 17:01:24.913  INFO Nabeel-PC --- [           main] o.m.d.cluster                            : Cluster created with settings {hosts=[localhost:27017], mode=SINGLE, requiredClusterType=UNKNOWN, serverSelectionTimeout='30000 ms', maxWaitQueueSize=500}
2018-10-09 17:01:24.933  INFO Nabeel-PC --- [localhost:27017] o.m.d.connection                         : Opened connection [connectionId{localValue:2, serverValue:47}] to localhost:27017
2018-10-09 17:01:24.946  INFO Nabeel-PC --- [localhost:27017] o.m.d.cluster                            : Monitor thread successfully connected to server with description ServerDescription{address=localhost:27017, type=STANDALONE, state=CONNECTED, ok=true, version=ServerVersion{versionList=[3, 6, 3]}, minWireVersion=0, maxWireVersion=6, maxDocumentSize=16777216, logicalSessionTimeoutMinutes=30, roundTripTimeNanos=3504375}
2018-10-09 17:01:25.002  INFO Nabeel-PC --- [           main] pertySourcedRequestMappingHandlerMapping : Mapped URL path [/v2/api-docs] onto method [public org.springframework.http.ResponseEntity<springfox.documentation.spring.web.json.Json> springfox.documentation.swagger2.web.Swagger2Controller.getDocumentation(java.lang.String,javax.servlet.http.HttpServletRequest)]
2018-10-09 17:01:25.155  INFO Nabeel-PC --- [           main] o.s.w.s.h.SimpleUrlHandlerMapping        : Mapped URL path [/**/favicon.ico] onto handler of type [class org.springframework.web.servlet.resource.ResourceHttpRequestHandler]
2018-10-09 17:01:25.442  INFO Nabeel-PC --- [           main] s.w.s.m.m.a.RequestMappingHandlerAdapter : Looking for @ControllerAdvice: org.springframework.boot.web.servlet.context.AnnotationConfigServletWebServerApplicationContext@6ac60391: startup date [Tue Oct 09 17:01:16 PKT 2018]; root of context hierarchy
2018-10-09 17:01:25.557  INFO Nabeel-PC --- [           main] o.s.w.s.h.SimpleUrlHandlerMapping        : Mapped URL path [/webjars/**] onto handler of type [class org.springframework.web.servlet.resource.ResourceHttpRequestHandler]
2018-10-09 17:01:25.558  INFO Nabeel-PC --- [           main] o.s.w.s.h.SimpleUrlHandlerMapping        : Mapped URL path [/**] onto handler of type [class org.springframework.web.servlet.resource.ResourceHttpRequestHandler]
2018-10-09 17:01:25.584  INFO Nabeel-PC --- [           main] .m.m.a.ExceptionHandlerExceptionResolver : Detected @ExceptionHandler methods in restExceptionHandler
2018-10-09 17:01:25.924  INFO Nabeel-PC --- [           main] o.s.j.e.a.AnnotationMBeanExporter        : Registering beans for JMX exposure on startup
2018-10-09 17:01:25.949  INFO Nabeel-PC --- [           main] o.s.c.s.DefaultLifecycleProcessor        : Starting beans in phase 2147483647
2018-10-09 17:01:25.950  INFO Nabeel-PC --- [           main] d.s.w.p.DocumentationPluginsBootstrapper : Context refreshed
2018-10-09 17:01:26.007  INFO Nabeel-PC --- [           main] d.s.w.p.DocumentationPluginsBootstrapper : Found 1 custom documentation plugin(s)
2018-10-09 17:01:26.061  INFO Nabeel-PC --- [           main] s.d.s.w.s.ApiListingReferenceScanner     : Scanning for api listing references
2018-10-09 17:01:26.295  WARN Nabeel-PC --- [           main] s.d.s.w.r.p.ParameterDataTypeReader      : Trying to infer dataType java.util.List<java.lang.String>
2018-10-09 17:01:26.451  INFO Nabeel-PC --- [           main] o.a.c.h.Http11NioProtocol                : Starting ProtocolHandler ["http-nio-9191"]
2018-10-09 17:01:26.469  INFO Nabeel-PC --- [           main] o.a.t.u.n.NioSelectorPool                : Using a shared selector for servlet write/read
2018-10-09 17:01:26.496  INFO Nabeel-PC --- [           main] o.s.b.w.e.t.TomcatWebServer              : Tomcat started on port(s): 9191 (http) with context path ''
2018-10-09 17:01:26.502  INFO Nabeel-PC --- [           main] c.b.f.FserverApplication                 : Started FserverApplication in 12.087 seconds (JVM running for 24.598)
2018-10-09 17:02:03.837  INFO Nabeel-PC --- [nio-9191-exec-1] o.a.c.c.C.[.[.[/]                        : Initializing Spring FrameworkServlet 'dispatcherServlet'
2018-10-09 17:02:03.840  INFO Nabeel-PC --- [nio-9191-exec-1] o.s.w.s.DispatcherServlet                : FrameworkServlet 'dispatcherServlet': initialization started
2018-10-09 17:02:03.889  INFO Nabeel-PC --- [nio-9191-exec-1] o.s.w.s.DispatcherServlet                : FrameworkServlet 'dispatcherServlet': initialization completed in 47 ms
2018-10-09 17:02:04.101  INFO Nabeel-PC --- [nio-9191-exec-1] c.b.f.r.AppRestController                : upload-multiple files
2018-10-09 17:02:04.118  INFO Nabeel-PC --- [nio-9191-exec-1] c.b.f.m.FileStoreManager                 : file :- FileInfo{indexp.png,15773,image/png}
2018-10-09 17:02:04.440  INFO Nabeel-PC --- [nio-9191-exec-1] c.b.f.r.AppRestController                : file upload time :- 338.ms
2018-10-09 17:02:04.617  INFO Nabeel-PC --- [nio-9191-exec-1] o.m.d.connection                         : Opened connection [connectionId{localValue:3, serverValue:48}] to localhost:27017
2018-10-09 17:02:04.661  INFO Nabeel-PC --- [nio-9191-exec-1] c.b.f.r.AppRestController                : file data-store time :- 559.ms
2018-10-09 17:02:04.664  INFO Nabeel-PC --- [nio-9191-exec-1] c.b.f.r.AppRestController                : response :-FileInfo{fileName='1539086524119-450c2671-972f-46da-a77f-8a607d9b62e4-indexp.png', fileUrl='http://localhost:9191/xyz1539086524119-450c2671-972f-46da-a77f-8a607d9b62e4-indexp.png', size=15773, width='833', height='512', contentType='image/png'} file store successfully
2018-10-09 17:02:04.667  INFO Nabeel-PC --- [nio-9191-exec-1] c.b.f.m.FileStoreManager                 : file :- FileInfo{latlon.png,13137,image/png}
2018-10-09 17:02:04.694  INFO Nabeel-PC --- [nio-9191-exec-1] c.b.f.r.AppRestController                : file upload time :- 592.ms
2018-10-09 17:02:04.703  INFO Nabeel-PC --- [nio-9191-exec-1] c.b.f.r.AppRestController                : file data-store time :- 602.ms
2018-10-09 17:02:04.709  INFO Nabeel-PC --- [nio-9191-exec-1] c.b.f.r.AppRestController                : response :-FileInfo{fileName='1539086524669-dd1b89bb-8162-4c0b-bd14-fb20161560d6-latlon.png', fileUrl='http://localhost:9191/xyz1539086524669-dd1b89bb-8162-4c0b-bd14-fb20161560d6-latlon.png', size=13137, width='654', height='287', contentType='image/png'} file store successfully
2018-10-09 17:02:04.719  INFO Nabeel-PC --- [nio-9191-exec-1] c.b.f.m.FileStoreManager                 : file :- FileInfo{Untitled.png,183330,image/png}
2018-10-09 17:02:04.809  INFO Nabeel-PC --- [nio-9191-exec-1] c.b.f.r.AppRestController                : file upload time :- 707.ms
2018-10-09 17:02:04.813  INFO Nabeel-PC --- [nio-9191-exec-1] c.b.f.r.AppRestController                : file data-store time :- 712.ms
2018-10-09 17:02:04.814  INFO Nabeel-PC --- [nio-9191-exec-1] c.b.f.r.AppRestController                : response :-FileInfo{fileName='1539086524721-06ad5530-63fb-4243-9c68-0e6fa152d918-Untitled.png', fileUrl='http://localhost:9191/xyz1539086524721-06ad5530-63fb-4243-9c68-0e6fa152d918-Untitled.png', size=183330, width='1366', height='768', contentType='image/png'} file store successfully
2018-10-09 17:02:04.816  INFO Nabeel-PC --- [nio-9191-exec-1] c.b.f.r.AppRestController                : total response time :- 714.ms
2018-10-09 17:02:10.680  INFO Nabeel-PC --- [nio-9191-exec-2] c.b.f.r.AppRestController                : upload-multiple files
2018-10-09 17:02:10.689  INFO Nabeel-PC --- [nio-9191-exec-2] c.b.f.m.FileStoreManager                 : file :- FileInfo{indexp.png,15773,image/png}
2018-10-09 17:02:10.743  INFO Nabeel-PC --- [nio-9191-exec-2] c.b.f.r.AppRestController                : file upload time :- 63.ms
2018-10-09 17:02:10.750  INFO Nabeel-PC --- [nio-9191-exec-2] c.b.f.r.AppRestController                : file data-store time :- 70.ms
2018-10-09 17:02:10.751  INFO Nabeel-PC --- [nio-9191-exec-2] c.b.f.r.AppRestController                : response :-FileInfo{fileName='1539086530690-4621d102-95bd-4da6-bb81-d8dc7dce9419-indexp.png', fileUrl='http://localhost:9191/xyz1539086530690-4621d102-95bd-4da6-bb81-d8dc7dce9419-indexp.png', size=15773, width='833', height='512', contentType='image/png'} file store successfully
2018-10-09 17:02:10.753  INFO Nabeel-PC --- [nio-9191-exec-2] c.b.f.m.FileStoreManager                 : file :- FileInfo{latlon.png,13137,image/png}
2018-10-09 17:02:10.788  INFO Nabeel-PC --- [nio-9191-exec-2] c.b.f.r.AppRestController                : file upload time :- 107.ms
2018-10-09 17:02:10.803  INFO Nabeel-PC --- [nio-9191-exec-2] c.b.f.r.AppRestController                : file data-store time :- 122.ms
2018-10-09 17:02:10.803  INFO Nabeel-PC --- [nio-9191-exec-2] c.b.f.r.AppRestController                : response :-FileInfo{fileName='1539086530754-078ab0f7-a8cb-430e-916c-2a10fe6b54f8-latlon.png', fileUrl='http://localhost:9191/xyz1539086530754-078ab0f7-a8cb-430e-916c-2a10fe6b54f8-latlon.png', size=13137, width='654', height='287', contentType='image/png'} file store successfully
2018-10-09 17:02:10.805  INFO Nabeel-PC --- [nio-9191-exec-2] c.b.f.m.FileStoreManager                 : file :- FileInfo{Untitled.png,183330,image/png}
2018-10-09 17:02:10.873  INFO Nabeel-PC --- [nio-9191-exec-2] c.b.f.r.AppRestController                : file upload time :- 192.ms
2018-10-09 17:02:10.877  INFO Nabeel-PC --- [nio-9191-exec-2] c.b.f.r.AppRestController                : file data-store time :- 197.ms
2018-10-09 17:02:10.878  INFO Nabeel-PC --- [nio-9191-exec-2] c.b.f.r.AppRestController                : response :-FileInfo{fileName='1539086530807-853d8461-22da-49a7-8bc4-c5132ac7350a-Untitled.png', fileUrl='http://localhost:9191/xyz1539086530807-853d8461-22da-49a7-8bc4-c5132ac7350a-Untitled.png', size=183330, width='1366', height='768', contentType='image/png'} file store successfully
2018-10-09 17:02:10.881  INFO Nabeel-PC --- [nio-9191-exec-2] c.b.f.r.AppRestController                : total response time :- 201.ms
2018-10-09 17:02:13.454  INFO Nabeel-PC --- [nio-9191-exec-3] c.b.f.r.AppRestController                : upload-multiple files
2018-10-09 17:02:13.457  INFO Nabeel-PC --- [nio-9191-exec-3] c.b.f.m.FileStoreManager                 : file :- FileInfo{indexp.png,15773,image/png}
2018-10-09 17:02:13.497  INFO Nabeel-PC --- [nio-9191-exec-3] c.b.f.r.AppRestController                : file upload time :- 43.ms
2018-10-09 17:02:13.510  INFO Nabeel-PC --- [nio-9191-exec-3] c.b.f.r.AppRestController                : file data-store time :- 55.ms
2018-10-09 17:02:13.511  INFO Nabeel-PC --- [nio-9191-exec-3] c.b.f.r.AppRestController                : response :-FileInfo{fileName='1539086533458-fa61393a-6fed-4f38-bc5a-95df3d2d6803-indexp.png', fileUrl='http://localhost:9191/xyz1539086533458-fa61393a-6fed-4f38-bc5a-95df3d2d6803-indexp.png', size=15773, width='833', height='512', contentType='image/png'} file store successfully
2018-10-09 17:02:13.512  INFO Nabeel-PC --- [nio-9191-exec-3] c.b.f.m.FileStoreManager                 : file :- FileInfo{latlon.png,13137,image/png}
2018-10-09 17:02:13.531  INFO Nabeel-PC --- [nio-9191-exec-3] c.b.f.r.AppRestController                : file upload time :- 76.ms
2018-10-09 17:02:13.545  INFO Nabeel-PC --- [nio-9191-exec-3] c.b.f.r.AppRestController                : file data-store time :- 91.ms
2018-10-09 17:02:13.549  INFO Nabeel-PC --- [nio-9191-exec-3] c.b.f.r.AppRestController                : response :-FileInfo{fileName='1539086533513-1ed24ffa-a5e8-4815-969b-288d0f14cf89-latlon.png', fileUrl='http://localhost:9191/xyz1539086533513-1ed24ffa-a5e8-4815-969b-288d0f14cf89-latlon.png', size=13137, width='654', height='287', contentType='image/png'} file store successfully
2018-10-09 17:02:13.551  INFO Nabeel-PC --- [nio-9191-exec-3] c.b.f.m.FileStoreManager                 : file :- FileInfo{Untitled.png,183330,image/png}
2018-10-09 17:02:13.615  INFO Nabeel-PC --- [nio-9191-exec-3] c.b.f.r.AppRestController                : file upload time :- 161.ms
2018-10-09 17:02:13.618  INFO Nabeel-PC --- [nio-9191-exec-3] c.b.f.r.AppRestController                : file data-store time :- 164.ms
2018-10-09 17:02:13.619  INFO Nabeel-PC --- [nio-9191-exec-3] c.b.f.r.AppRestController                : response :-FileInfo{fileName='1539086533552-d3dccea3-ed27-4e78-bbc5-80e8b372f9f1-Untitled.png', fileUrl='http://localhost:9191/xyz1539086533552-d3dccea3-ed27-4e78-bbc5-80e8b372f9f1-Untitled.png', size=183330, width='1366', height='768', contentType='image/png'} file store successfully
2018-10-09 17:02:13.622  INFO Nabeel-PC --- [nio-9191-exec-3] c.b.f.r.AppRestController                : total response time :- 167.ms
2018-10-09 17:02:46.465  INFO Nabeel-PC --- [nio-9191-exec-4] c.b.f.r.AppRestController                : upload-multiple files
2018-10-09 17:02:46.506  INFO Nabeel-PC --- [nio-9191-exec-4] c.b.f.m.FileStoreManager                 : file :- FileInfo{indexp.png,15773,image/png}
2018-10-09 17:02:46.556  INFO Nabeel-PC --- [nio-9191-exec-4] c.b.f.r.AppRestController                : file upload time :- 90.ms
2018-10-09 17:02:46.568  INFO Nabeel-PC --- [nio-9191-exec-4] c.b.f.r.AppRestController                : file data-store time :- 102.ms
2018-10-09 17:02:46.569  INFO Nabeel-PC --- [nio-9191-exec-4] c.b.f.r.AppRestController                : response :-FileInfo{fileName='1539086566509-0f88112f-3ca3-448e-8636-1f2c040228f1-indexp.png', fileUrl='http://localhost:9191/xyz1539086566509-0f88112f-3ca3-448e-8636-1f2c040228f1-indexp.png', size=15773, width='833', height='512', contentType='image/png'} file store successfully
2018-10-09 17:02:46.574  INFO Nabeel-PC --- [nio-9191-exec-4] c.b.f.m.FileStoreManager                 : file :- FileInfo{latlon.png,13137,image/png}
2018-10-09 17:02:46.595  INFO Nabeel-PC --- [nio-9191-exec-4] c.b.f.r.AppRestController                : file upload time :- 129.ms
2018-10-09 17:02:46.612  INFO Nabeel-PC --- [nio-9191-exec-4] c.b.f.r.AppRestController                : file data-store time :- 146.ms
2018-10-09 17:02:46.618  INFO Nabeel-PC --- [nio-9191-exec-4] c.b.f.r.AppRestController                : response :-FileInfo{fileName='1539086566575-fca17c03-118b-4365-884f-f347add7dc75-latlon.png', fileUrl='http://localhost:9191/xyz1539086566575-fca17c03-118b-4365-884f-f347add7dc75-latlon.png', size=13137, width='654', height='287', contentType='image/png'} file store successfully
2018-10-09 17:02:46.619  INFO Nabeel-PC --- [nio-9191-exec-4] c.b.f.m.FileStoreManager                 : file :- FileInfo{Untitled.png,183330,image/png}
2018-10-09 17:02:46.787  INFO Nabeel-PC --- [nio-9191-exec-4] c.b.f.r.AppRestController                : file upload time :- 322.ms
2018-10-09 17:02:46.791  INFO Nabeel-PC --- [nio-9191-exec-4] c.b.f.r.AppRestController                : file data-store time :- 326.ms
2018-10-09 17:02:46.792  INFO Nabeel-PC --- [nio-9191-exec-4] c.b.f.r.AppRestController                : response :-FileInfo{fileName='1539086566620-43bf7e5d-b9b7-4fd8-94ac-91163f98e436-Untitled.png', fileUrl='http://localhost:9191/xyz1539086566620-43bf7e5d-b9b7-4fd8-94ac-91163f98e436-Untitled.png', size=183330, width='1366', height='768', contentType='image/png'} file store successfully
2018-10-09 17:02:46.793  INFO Nabeel-PC --- [nio-9191-exec-4] c.b.f.r.AppRestController                : total response time :- 327.ms
2018-10-09 17:02:49.047  INFO Nabeel-PC --- [nio-9191-exec-5] c.b.f.r.AppRestController                : upload-multiple files
2018-10-09 17:02:49.054  INFO Nabeel-PC --- [nio-9191-exec-5] c.b.f.m.FileStoreManager                 : file :- FileInfo{indexp.png,15773,image/png}
2018-10-09 17:02:49.166  INFO Nabeel-PC --- [nio-9191-exec-5] c.b.f.r.AppRestController                : file upload time :- 119.ms
2018-10-09 17:02:49.171  INFO Nabeel-PC --- [nio-9191-exec-5] c.b.f.r.AppRestController                : file data-store time :- 123.ms
2018-10-09 17:02:49.171  INFO Nabeel-PC --- [nio-9191-exec-5] c.b.f.r.AppRestController                : response :-FileInfo{fileName='1539086569056-2c753e9f-f77b-445a-b273-b6b03f56522a-indexp.png', fileUrl='http://localhost:9191/xyz1539086569056-2c753e9f-f77b-445a-b273-b6b03f56522a-indexp.png', size=15773, width='833', height='512', contentType='image/png'} file store successfully
2018-10-09 17:02:49.174  INFO Nabeel-PC --- [nio-9191-exec-5] c.b.f.m.FileStoreManager                 : file :- FileInfo{latlon.png,13137,image/png}
2018-10-09 17:02:49.195  INFO Nabeel-PC --- [nio-9191-exec-5] c.b.f.r.AppRestController                : file upload time :- 148.ms
2018-10-09 17:02:49.199  INFO Nabeel-PC --- [nio-9191-exec-5] c.b.f.r.AppRestController                : file data-store time :- 151.ms
2018-10-09 17:02:49.200  INFO Nabeel-PC --- [nio-9191-exec-5] c.b.f.r.AppRestController                : response :-FileInfo{fileName='1539086569175-24773b2d-cc1e-4a82-b822-a9be1f384a34-latlon.png', fileUrl='http://localhost:9191/xyz1539086569175-24773b2d-cc1e-4a82-b822-a9be1f384a34-latlon.png', size=13137, width='654', height='287', contentType='image/png'} file store successfully
2018-10-09 17:02:49.202  INFO Nabeel-PC --- [nio-9191-exec-5] c.b.f.m.FileStoreManager                 : file :- FileInfo{Untitled.png,183330,image/png}
2018-10-09 17:02:49.279  INFO Nabeel-PC --- [nio-9191-exec-5] c.b.f.r.AppRestController                : file upload time :- 231.ms
2018-10-09 17:02:49.283  INFO Nabeel-PC --- [nio-9191-exec-5] c.b.f.r.AppRestController                : file data-store time :- 236.ms
2018-10-09 17:02:49.286  INFO Nabeel-PC --- [nio-9191-exec-5] c.b.f.r.AppRestController                : response :-FileInfo{fileName='1539086569203-c0c0d464-1e0e-4d9a-a2b5-c882bcfe9cd1-Untitled.png', fileUrl='http://localhost:9191/xyz1539086569203-c0c0d464-1e0e-4d9a-a2b5-c882bcfe9cd1-Untitled.png', size=183330, width='1366', height='768', contentType='image/png'} file store successfully
2018-10-09 17:02:49.292  INFO Nabeel-PC --- [nio-9191-exec-5] c.b.f.r.AppRestController                : total response time :- 244.ms
2018-10-09 17:02:50.522  INFO Nabeel-PC --- [nio-9191-exec-6] c.b.f.r.AppRestController                : upload-multiple files
2018-10-09 17:02:50.524  INFO Nabeel-PC --- [nio-9191-exec-6] c.b.f.m.FileStoreManager                 : file :- FileInfo{indexp.png,15773,image/png}
2018-10-09 17:02:50.703  INFO Nabeel-PC --- [nio-9191-exec-6] c.b.f.r.AppRestController                : file upload time :- 180.ms
2018-10-09 17:02:50.749  INFO Nabeel-PC --- [nio-9191-exec-6] c.b.f.r.AppRestController                : file data-store time :- 226.ms
2018-10-09 17:02:50.751  INFO Nabeel-PC --- [nio-9191-exec-6] c.b.f.r.AppRestController                : response :-FileInfo{fileName='1539086570642-777e18cc-7a42-4d7e-b656-e774e9d0e9df-indexp.png', fileUrl='http://localhost:9191/xyz1539086570642-777e18cc-7a42-4d7e-b656-e774e9d0e9df-indexp.png', size=15773, width='833', height='512', contentType='image/png'} file store successfully
2018-10-09 17:02:50.752  INFO Nabeel-PC --- [nio-9191-exec-6] c.b.f.m.FileStoreManager                 : file :- FileInfo{latlon.png,13137,image/png}
2018-10-09 17:02:50.780  INFO Nabeel-PC --- [nio-9191-exec-6] c.b.f.r.AppRestController                : file upload time :- 258.ms
2018-10-09 17:02:50.786  INFO Nabeel-PC --- [nio-9191-exec-6] c.b.f.r.AppRestController                : file data-store time :- 263.ms
2018-10-09 17:02:50.787  INFO Nabeel-PC --- [nio-9191-exec-6] c.b.f.r.AppRestController                : response :-FileInfo{fileName='1539086570754-36ef6c2d-6041-4b2c-8727-4d1f45038b9c-latlon.png', fileUrl='http://localhost:9191/xyz1539086570754-36ef6c2d-6041-4b2c-8727-4d1f45038b9c-latlon.png', size=13137, width='654', height='287', contentType='image/png'} file store successfully
2018-10-09 17:02:50.791  INFO Nabeel-PC --- [nio-9191-exec-6] c.b.f.m.FileStoreManager                 : file :- FileInfo{Untitled.png,183330,image/png}
2018-10-09 17:02:50.963  INFO Nabeel-PC --- [nio-9191-exec-6] c.b.f.r.AppRestController                : file upload time :- 441.ms
2018-10-09 17:02:50.967  INFO Nabeel-PC --- [nio-9191-exec-6] c.b.f.r.AppRestController                : file data-store time :- 445.ms
2018-10-09 17:02:50.968  INFO Nabeel-PC --- [nio-9191-exec-6] c.b.f.r.AppRestController                : response :-FileInfo{fileName='1539086570791-c275553f-2854-457d-a83f-ee1bf8c5dd06-Untitled.png', fileUrl='http://localhost:9191/xyz1539086570791-c275553f-2854-457d-a83f-ee1bf8c5dd06-Untitled.png', size=183330, width='1366', height='768', contentType='image/png'} file store successfully
2018-10-09 17:02:50.974  INFO Nabeel-PC --- [nio-9191-exec-6] c.b.f.r.AppRestController                : total response time :- 452.ms
2018-10-09 17:03:05.145  INFO Nabeel-PC --- [nio-9191-exec-7] c.b.f.r.AppRestController                : upload-multiple files
2018-10-09 17:03:05.148  INFO Nabeel-PC --- [nio-9191-exec-7] c.b.f.m.FileStoreManager                 : file :- FileInfo{indexp.png,15773,image/png}
2018-10-09 17:03:05.194  INFO Nabeel-PC --- [nio-9191-exec-7] c.b.f.r.AppRestController                : file upload time :- 48.ms
2018-10-09 17:03:05.207  INFO Nabeel-PC --- [nio-9191-exec-7] c.b.f.r.AppRestController                : file data-store time :- 61.ms
2018-10-09 17:03:05.222  INFO Nabeel-PC --- [nio-9191-exec-7] c.b.f.r.AppRestController                : response :-FileInfo{fileName='1539086585149-f98939e2-0d48-4043-89e6-1bf2281b6ecb-indexp.png', fileUrl='http://localhost:9191/xyz1539086585149-f98939e2-0d48-4043-89e6-1bf2281b6ecb-indexp.png', size=15773, width='833', height='512', contentType='image/png'} file store successfully
2018-10-09 17:03:05.223  INFO Nabeel-PC --- [nio-9191-exec-7] c.b.f.m.FileStoreManager                 : file :- FileInfo{latlon.png,13137,image/png}
2018-10-09 17:03:05.254  INFO Nabeel-PC --- [nio-9191-exec-7] c.b.f.r.AppRestController                : file upload time :- 109.ms
2018-10-09 17:03:05.261  INFO Nabeel-PC --- [nio-9191-exec-7] c.b.f.r.AppRestController                : file data-store time :- 115.ms
2018-10-09 17:03:05.261  INFO Nabeel-PC --- [nio-9191-exec-7] c.b.f.r.AppRestController                : response :-FileInfo{fileName='1539086585224-b5e364cb-bca6-438a-a0d4-c094e2cf3fe0-latlon.png', fileUrl='http://localhost:9191/xyz1539086585224-b5e364cb-bca6-438a-a0d4-c094e2cf3fe0-latlon.png', size=13137, width='654', height='287', contentType='image/png'} file store successfully
2018-10-09 17:03:05.263  INFO Nabeel-PC --- [nio-9191-exec-7] c.b.f.m.FileStoreManager                 : file :- FileInfo{Untitled.png,183330,image/png}
2018-10-09 17:03:05.346  INFO Nabeel-PC --- [nio-9191-exec-7] c.b.f.r.AppRestController                : file upload time :- 200.ms
2018-10-09 17:03:05.351  INFO Nabeel-PC --- [nio-9191-exec-7] c.b.f.r.AppRestController                : file data-store time :- 205.ms
2018-10-09 17:03:05.352  INFO Nabeel-PC --- [nio-9191-exec-7] c.b.f.r.AppRestController                : response :-FileInfo{fileName='1539086585263-8c83a500-eb23-4ea0-9237-37c370107121-Untitled.png', fileUrl='http://localhost:9191/xyz1539086585263-8c83a500-eb23-4ea0-9237-37c370107121-Untitled.png', size=183330, width='1366', height='768', contentType='image/png'} file store successfully
2018-10-09 17:03:05.353  INFO Nabeel-PC --- [nio-9191-exec-7] c.b.f.r.AppRestController                : total response time :- 208.ms
2018-10-09 17:03:07.536  INFO Nabeel-PC --- [nio-9191-exec-8] c.b.f.r.AppRestController                : upload-multiple files
2018-10-09 17:03:07.542  INFO Nabeel-PC --- [nio-9191-exec-8] c.b.f.m.FileStoreManager                 : file :- FileInfo{indexp.png,15773,image/png}
2018-10-09 17:03:07.579  INFO Nabeel-PC --- [nio-9191-exec-8] c.b.f.r.AppRestController                : file upload time :- 42.ms
2018-10-09 17:03:07.583  INFO Nabeel-PC --- [nio-9191-exec-8] c.b.f.r.AppRestController                : file data-store time :- 46.ms
2018-10-09 17:03:07.584  INFO Nabeel-PC --- [nio-9191-exec-8] c.b.f.r.AppRestController                : response :-FileInfo{fileName='1539086587547-86a9d8cc-7b70-48a4-8530-0725dac51aa9-indexp.png', fileUrl='http://localhost:9191/xyz1539086587547-86a9d8cc-7b70-48a4-8530-0725dac51aa9-indexp.png', size=15773, width='833', height='512', contentType='image/png'} file store successfully
2018-10-09 17:03:07.585  INFO Nabeel-PC --- [nio-9191-exec-8] c.b.f.m.FileStoreManager                 : file :- FileInfo{latlon.png,13137,image/png}
2018-10-09 17:03:07.612  INFO Nabeel-PC --- [nio-9191-exec-8] c.b.f.r.AppRestController                : file upload time :- 75.ms
2018-10-09 17:03:07.621  INFO Nabeel-PC --- [nio-9191-exec-8] c.b.f.r.AppRestController                : file data-store time :- 85.ms
2018-10-09 17:03:07.622  INFO Nabeel-PC --- [nio-9191-exec-8] c.b.f.r.AppRestController                : response :-FileInfo{fileName='1539086587586-cafe3670-4c1c-4a4c-9c04-1418d583e2b4-latlon.png', fileUrl='http://localhost:9191/xyz1539086587586-cafe3670-4c1c-4a4c-9c04-1418d583e2b4-latlon.png', size=13137, width='654', height='287', contentType='image/png'} file store successfully
2018-10-09 17:03:07.624  INFO Nabeel-PC --- [nio-9191-exec-8] c.b.f.m.FileStoreManager                 : file :- FileInfo{Untitled.png,183330,image/png}
2018-10-09 17:03:07.685  INFO Nabeel-PC --- [nio-9191-exec-8] c.b.f.r.AppRestController                : file upload time :- 148.ms
2018-10-09 17:03:07.689  INFO Nabeel-PC --- [nio-9191-exec-8] c.b.f.r.AppRestController                : file data-store time :- 152.ms
2018-10-09 17:03:07.690  INFO Nabeel-PC --- [nio-9191-exec-8] c.b.f.r.AppRestController                : response :-FileInfo{fileName='1539086587625-c516ca36-0340-4eba-8421-a6719d199af5-Untitled.png', fileUrl='http://localhost:9191/xyz1539086587625-c516ca36-0340-4eba-8421-a6719d199af5-Untitled.png', size=183330, width='1366', height='768', contentType='image/png'} file store successfully
2018-10-09 17:03:07.692  INFO Nabeel-PC --- [nio-9191-exec-8] c.b.f.r.AppRestController                : total response time :- 155.ms
2018-10-09 17:03:09.312  INFO Nabeel-PC --- [nio-9191-exec-9] c.b.f.r.AppRestController                : upload-multiple files
2018-10-09 17:03:09.344  INFO Nabeel-PC --- [nio-9191-exec-9] c.b.f.m.FileStoreManager                 : file :- FileInfo{indexp.png,15773,image/png}
2018-10-09 17:03:09.374  INFO Nabeel-PC --- [nio-9191-exec-9] c.b.f.r.AppRestController                : file upload time :- 61.ms
2018-10-09 17:03:09.402  INFO Nabeel-PC --- [nio-9191-exec-9] c.b.f.r.AppRestController                : file data-store time :- 89.ms
2018-10-09 17:03:09.404  INFO Nabeel-PC --- [nio-9191-exec-9] c.b.f.r.AppRestController                : response :-FileInfo{fileName='1539086589346-e3055abd-1c56-4a01-b1f5-b4f0c27581fe-indexp.png', fileUrl='http://localhost:9191/xyz1539086589346-e3055abd-1c56-4a01-b1f5-b4f0c27581fe-indexp.png', size=15773, width='833', height='512', contentType='image/png'} file store successfully
2018-10-09 17:03:09.406  INFO Nabeel-PC --- [nio-9191-exec-9] c.b.f.m.FileStoreManager                 : file :- FileInfo{latlon.png,13137,image/png}
2018-10-09 17:03:09.433  INFO Nabeel-PC --- [nio-9191-exec-9] c.b.f.r.AppRestController                : file upload time :- 120.ms
2018-10-09 17:03:09.440  INFO Nabeel-PC --- [nio-9191-exec-9] c.b.f.r.AppRestController                : file data-store time :- 127.ms
2018-10-09 17:03:09.442  INFO Nabeel-PC --- [nio-9191-exec-9] c.b.f.r.AppRestController                : response :-FileInfo{fileName='1539086589406-1e91f525-b3ab-4dc9-a3bc-b4e4859cf7df-latlon.png', fileUrl='http://localhost:9191/xyz1539086589406-1e91f525-b3ab-4dc9-a3bc-b4e4859cf7df-latlon.png', size=13137, width='654', height='287', contentType='image/png'} file store successfully
2018-10-09 17:03:09.446  INFO Nabeel-PC --- [nio-9191-exec-9] c.b.f.m.FileStoreManager                 : file :- FileInfo{Untitled.png,183330,image/png}
2018-10-09 17:03:09.522  INFO Nabeel-PC --- [nio-9191-exec-9] c.b.f.r.AppRestController                : file upload time :- 210.ms
2018-10-09 17:03:09.531  INFO Nabeel-PC --- [nio-9191-exec-9] c.b.f.r.AppRestController                : file data-store time :- 218.ms
2018-10-09 17:03:09.532  INFO Nabeel-PC --- [nio-9191-exec-9] c.b.f.r.AppRestController                : response :-FileInfo{fileName='1539086589447-e647f745-0da6-4212-9c86-39c4281b8d49-Untitled.png', fileUrl='http://localhost:9191/xyz1539086589447-e647f745-0da6-4212-9c86-39c4281b8d49-Untitled.png', size=183330, width='1366', height='768', contentType='image/png'} file store successfully
2018-10-09 17:03:09.534  INFO Nabeel-PC --- [nio-9191-exec-9] c.b.f.r.AppRestController                : total response time :- 221.ms
2018-10-09 17:03:10.515  INFO Nabeel-PC --- [io-9191-exec-10] c.b.f.r.AppRestController                : upload-multiple files
2018-10-09 17:03:10.519  INFO Nabeel-PC --- [io-9191-exec-10] c.b.f.m.FileStoreManager                 : file :- FileInfo{indexp.png,15773,image/png}
2018-10-09 17:03:10.560  INFO Nabeel-PC --- [io-9191-exec-10] c.b.f.r.AppRestController                : file upload time :- 44.ms
2018-10-09 17:03:10.578  INFO Nabeel-PC --- [io-9191-exec-10] c.b.f.r.AppRestController                : file data-store time :- 62.ms
2018-10-09 17:03:10.579  INFO Nabeel-PC --- [io-9191-exec-10] c.b.f.r.AppRestController                : response :-FileInfo{fileName='1539086590520-c482d64f-258d-4353-9010-165403a53560-indexp.png', fileUrl='http://localhost:9191/xyz1539086590520-c482d64f-258d-4353-9010-165403a53560-indexp.png', size=15773, width='833', height='512', contentType='image/png'} file store successfully
2018-10-09 17:03:10.581  INFO Nabeel-PC --- [io-9191-exec-10] c.b.f.m.FileStoreManager                 : file :- FileInfo{latlon.png,13137,image/png}
2018-10-09 17:03:10.611  INFO Nabeel-PC --- [io-9191-exec-10] c.b.f.r.AppRestController                : file upload time :- 95.ms
2018-10-09 17:03:10.623  INFO Nabeel-PC --- [io-9191-exec-10] c.b.f.r.AppRestController                : file data-store time :- 107.ms
2018-10-09 17:03:10.627  INFO Nabeel-PC --- [io-9191-exec-10] c.b.f.r.AppRestController                : response :-FileInfo{fileName='1539086590583-505c65e5-ff6c-43a2-90b5-63923ba3ff06-latlon.png', fileUrl='http://localhost:9191/xyz1539086590583-505c65e5-ff6c-43a2-90b5-63923ba3ff06-latlon.png', size=13137, width='654', height='287', contentType='image/png'} file store successfully
2018-10-09 17:03:10.631  INFO Nabeel-PC --- [io-9191-exec-10] c.b.f.m.FileStoreManager                 : file :- FileInfo{Untitled.png,183330,image/png}
2018-10-09 17:03:10.716  INFO Nabeel-PC --- [io-9191-exec-10] c.b.f.r.AppRestController                : file upload time :- 200.ms
2018-10-09 17:03:10.719  INFO Nabeel-PC --- [io-9191-exec-10] c.b.f.r.AppRestController                : file data-store time :- 204.ms
2018-10-09 17:03:10.720  INFO Nabeel-PC --- [io-9191-exec-10] c.b.f.r.AppRestController                : response :-FileInfo{fileName='1539086590632-52e75fe8-30ce-43f1-894f-0e4391dca90f-Untitled.png', fileUrl='http://localhost:9191/xyz1539086590632-52e75fe8-30ce-43f1-894f-0e4391dca90f-Untitled.png', size=183330, width='1366', height='768', contentType='image/png'} file store successfully
2018-10-09 17:03:10.723  INFO Nabeel-PC --- [io-9191-exec-10] c.b.f.r.AppRestController                : total response time :- 207.ms
2018-10-09 17:03:11.589  INFO Nabeel-PC --- [nio-9191-exec-1] c.b.f.r.AppRestController                : upload-multiple files
2018-10-09 17:03:11.594  INFO Nabeel-PC --- [nio-9191-exec-1] c.b.f.m.FileStoreManager                 : file :- FileInfo{indexp.png,15773,image/png}
2018-10-09 17:03:11.628  INFO Nabeel-PC --- [nio-9191-exec-1] c.b.f.r.AppRestController                : file upload time :- 39.ms
2018-10-09 17:03:11.634  INFO Nabeel-PC --- [nio-9191-exec-1] c.b.f.r.AppRestController                : file data-store time :- 44.ms
2018-10-09 17:03:11.636  INFO Nabeel-PC --- [nio-9191-exec-1] c.b.f.r.AppRestController                : response :-FileInfo{fileName='1539086591595-8f337351-11a6-4436-9ddc-abe21834d491-indexp.png', fileUrl='http://localhost:9191/xyz1539086591595-8f337351-11a6-4436-9ddc-abe21834d491-indexp.png', size=15773, width='833', height='512', contentType='image/png'} file store successfully
2018-10-09 17:03:11.638  INFO Nabeel-PC --- [nio-9191-exec-1] c.b.f.m.FileStoreManager                 : file :- FileInfo{latlon.png,13137,image/png}
2018-10-09 17:03:11.659  INFO Nabeel-PC --- [nio-9191-exec-1] c.b.f.r.AppRestController                : file upload time :- 69.ms
2018-10-09 17:03:11.670  INFO Nabeel-PC --- [nio-9191-exec-1] c.b.f.r.AppRestController                : file data-store time :- 80.ms
2018-10-09 17:03:11.678  INFO Nabeel-PC --- [nio-9191-exec-1] c.b.f.r.AppRestController                : response :-FileInfo{fileName='1539086591638-cb06f9fb-5bd2-4e8d-9b48-63115001a8c6-latlon.png', fileUrl='http://localhost:9191/xyz1539086591638-cb06f9fb-5bd2-4e8d-9b48-63115001a8c6-latlon.png', size=13137, width='654', height='287', contentType='image/png'} file store successfully
2018-10-09 17:03:11.680  INFO Nabeel-PC --- [nio-9191-exec-1] c.b.f.m.FileStoreManager                 : file :- FileInfo{Untitled.png,183330,image/png}
2018-10-09 17:03:11.737  INFO Nabeel-PC --- [nio-9191-exec-1] c.b.f.r.AppRestController                : file upload time :- 147.ms
2018-10-09 17:03:11.745  INFO Nabeel-PC --- [nio-9191-exec-1] c.b.f.r.AppRestController                : file data-store time :- 156.ms
2018-10-09 17:03:11.746  INFO Nabeel-PC --- [nio-9191-exec-1] c.b.f.r.AppRestController                : response :-FileInfo{fileName='1539086591682-c91a0fad-e1ed-4165-beab-4c1d40ec2bca-Untitled.png', fileUrl='http://localhost:9191/xyz1539086591682-c91a0fad-e1ed-4165-beab-4c1d40ec2bca-Untitled.png', size=183330, width='1366', height='768', contentType='image/png'} file store successfully
2018-10-09 17:03:11.748  INFO Nabeel-PC --- [nio-9191-exec-1] c.b.f.r.AppRestController                : total response time :- 158.ms
2018-10-09 17:03:41.440  INFO Nabeel-PC --- [nio-9191-exec-2] c.b.f.r.AppRestController                : upload-multiple files
2018-10-09 17:03:41.449  INFO Nabeel-PC --- [nio-9191-exec-2] c.b.f.m.FileStoreManager                 : file :- FileInfo{indexp.png,15773,image/png}
2018-10-09 17:03:41.451 ERROR Nabeel-PC --- [nio-9191-exec-2] c.b.f.m.FileStoreManager                 : bucket not found pls try again :- C:\Users\AdMaxim\Desktop\fserver\uploads 
2018-10-09 17:03:41.461  INFO Nabeel-PC --- [nio-9191-exec-2] c.b.f.m.FileStoreManager                 : file path init. => file:///C:/Users/AdMaxim/Desktop/fserver/uploads
2018-10-09 17:03:41.468  INFO Nabeel-PC --- [nio-9191-exec-2] c.b.f.m.FileStoreManager                 : file directories create successfully
2018-10-09 17:03:41.527 ERROR Nabeel-PC --- [nio-9191-exec-2] c.b.f.e.h.RestExceptionHandler           : {}ApiError{status=500, timestamp=2018-10-09T17:03:41.515, message='bucket not found pls try again.', debugMessage='{message=bucket not found pls try again., status=500}', subErrors=null}
2018-10-09 17:03:41.638  WARN Nabeel-PC --- [nio-9191-exec-2] .m.m.a.ExceptionHandlerExceptionResolver : Resolved [com.ballistic.fserver.exception.FileStorageException: {message=bucket not found pls try again., status=500}]
2018-10-09 17:03:51.194  INFO Nabeel-PC --- [nio-9191-exec-3] c.b.f.r.AppRestController                : upload-multiple files
2018-10-09 17:03:51.201  INFO Nabeel-PC --- [nio-9191-exec-3] c.b.f.m.FileStoreManager                 : file :- FileInfo{indexp.png,15773,image/png}
2018-10-09 17:03:51.224  INFO Nabeel-PC --- [nio-9191-exec-3] c.b.f.r.AppRestController                : file upload time :- 29.ms
2018-10-09 17:03:51.229  INFO Nabeel-PC --- [nio-9191-exec-3] c.b.f.r.AppRestController                : file data-store time :- 34.ms
2018-10-09 17:03:51.230  INFO Nabeel-PC --- [nio-9191-exec-3] c.b.f.r.AppRestController                : response :-FileInfo{fileName='1539086631202-75c17412-da46-4459-b84a-66e73c3bea37-indexp.png', fileUrl='http://localhost:9191/xyz1539086631202-75c17412-da46-4459-b84a-66e73c3bea37-indexp.png', size=15773, width='833', height='512', contentType='image/png'} file store successfully
2018-10-09 17:03:51.231  INFO Nabeel-PC --- [nio-9191-exec-3] c.b.f.m.FileStoreManager                 : file :- FileInfo{latlon.png,13137,image/png}
2018-10-09 17:03:51.242  INFO Nabeel-PC --- [nio-9191-exec-3] c.b.f.r.AppRestController                : file upload time :- 48.ms
2018-10-09 17:03:51.256  INFO Nabeel-PC --- [nio-9191-exec-3] c.b.f.r.AppRestController                : file data-store time :- 61.ms
2018-10-09 17:03:51.308  INFO Nabeel-PC --- [nio-9191-exec-3] c.b.f.r.AppRestController                : response :-FileInfo{fileName='1539086631231-bc115e0f-d2cc-417a-b627-bb7719c4efae-latlon.png', fileUrl='http://localhost:9191/xyz1539086631231-bc115e0f-d2cc-417a-b627-bb7719c4efae-latlon.png', size=13137, width='654', height='287', contentType='image/png'} file store successfully
2018-10-09 17:03:51.309  INFO Nabeel-PC --- [nio-9191-exec-3] c.b.f.m.FileStoreManager                 : file :- FileInfo{Untitled.png,183330,image/png}
2018-10-09 17:03:51.492  INFO Nabeel-PC --- [nio-9191-exec-3] c.b.f.r.AppRestController                : file upload time :- 298.ms
2018-10-09 17:03:51.500  INFO Nabeel-PC --- [nio-9191-exec-3] c.b.f.r.AppRestController                : file data-store time :- 305.ms
2018-10-09 17:03:51.501  INFO Nabeel-PC --- [nio-9191-exec-3] c.b.f.r.AppRestController                : response :-FileInfo{fileName='1539086631309-9290296b-979c-48e4-837b-cd1d1b14690a-Untitled.png', fileUrl='http://localhost:9191/xyz1539086631309-9290296b-979c-48e4-837b-cd1d1b14690a-Untitled.png', size=183330, width='1366', height='768', contentType='image/png'} file store successfully
2018-10-09 17:03:51.504  INFO Nabeel-PC --- [nio-9191-exec-3] c.b.f.r.AppRestController                : total response time :- 309.ms
2018-10-09 17:08:03.148  INFO Nabeel-PC --- [       Thread-3] ConfigServletWebServerApplicationContext : Closing org.springframework.boot.web.servlet.context.AnnotationConfigServletWebServerApplicationContext@6ac60391: startup date [Tue Oct 09 17:01:16 PKT 2018]; root of context hierarchy
2018-10-09 17:08:03.155  INFO Nabeel-PC --- [       Thread-3] o.s.c.s.DefaultLifecycleProcessor        : Stopping beans in phase 2147483647
2018-10-09 17:08:03.159  INFO Nabeel-PC --- [       Thread-3] o.s.j.e.a.AnnotationMBeanExporter        : Unregistering JMX-exposed beans on shutdown
2018-10-09 17:08:19.839  INFO Nabeel-PC --- [           main] c.b.f.FserverApplication                 : Starting FserverApplication on Nabeel-PC with PID 9324 (C:\Users\AdMaxim\Desktop\fserver\target\classes started by AdMaxim in C:\Users\AdMaxim\Desktop\fserver)
2018-10-09 17:08:19.849  INFO Nabeel-PC --- [           main] c.b.f.FserverApplication                 : No active profile set, falling back to default profiles: default
2018-10-09 17:08:19.939  INFO Nabeel-PC --- [           main] ConfigServletWebServerApplicationContext : Refreshing org.springframework.boot.web.servlet.context.AnnotationConfigServletWebServerApplicationContext@4c79fe8b: startup date [Tue Oct 09 17:08:19 PKT 2018]; root of context hierarchy
2018-10-09 17:08:23.076  INFO Nabeel-PC --- [           main] o.s.b.w.e.t.TomcatWebServer              : Tomcat initialized with port(s): 9191 (http)
2018-10-09 17:08:23.100  INFO Nabeel-PC --- [           main] o.a.c.h.Http11NioProtocol                : Initializing ProtocolHandler ["http-nio-9191"]
2018-10-09 17:08:23.118  INFO Nabeel-PC --- [           main] o.a.c.c.StandardService                  : Starting service [Tomcat]
2018-10-09 17:08:23.119  INFO Nabeel-PC --- [           main] o.a.c.c.StandardEngine                   : Starting Servlet Engine: Apache Tomcat/8.5.34
2018-10-09 17:08:23.139  INFO Nabeel-PC --- [ost-startStop-1] o.a.c.c.AprLifecycleListener             : The APR based Apache Tomcat Native library which allows optimal performance in production environments was not found on the java.library.path: [C:\Program Files\Java\jdk1.8.0_92\bin;C:\Windows\Sun\Java\bin;C:\Windows\system32;C:\Windows;C:\ProgramData\Oracle\Java\javapath;C:\Windows\system32;C:\Windows;C:\Windows\System32\Wbem;C:\Windows\System32\WindowsPowerShell\v1.0\;C:\Program Files\TortoiseSVN\bin;C:\Program Files\apache-maven-3.5.2\bin;C:\Program Files\nodejs\;C:\Program Files\MongoDB\Server\3.6\bin;C:\Go\bin;C:\Program Files (x86)\Microsoft VS Code\bin;C:\Program Files (x86)\Microsoft VS Code\bin;C:\Users\AdMaxim\AppData\Roaming\npm;C:\Program Files\Heroku\bin;C:\Users\AdMaxim\AppData\Local\GitHubDesktop\bin;%GOPATH%\bin;.]
2018-10-09 17:08:23.296  INFO Nabeel-PC --- [ost-startStop-1] o.a.c.c.C.[.[.[/]                        : Initializing Spring embedded WebApplicationContext
2018-10-09 17:08:23.297  INFO Nabeel-PC --- [ost-startStop-1] o.s.w.c.ContextLoader                    : Root WebApplicationContext: initialization completed in 3363 ms
2018-10-09 17:08:23.426  INFO Nabeel-PC --- [ost-startStop-1] o.s.b.w.s.ServletRegistrationBean        : Servlet dispatcherServlet mapped to [/]
2018-10-09 17:08:23.432  INFO Nabeel-PC --- [ost-startStop-1] o.s.b.w.s.FilterRegistrationBean         : Mapping filter: 'characterEncodingFilter' to: [/*]
2018-10-09 17:08:23.435  INFO Nabeel-PC --- [ost-startStop-1] o.s.b.w.s.FilterRegistrationBean         : Mapping filter: 'hiddenHttpMethodFilter' to: [/*]
2018-10-09 17:08:23.436  INFO Nabeel-PC --- [ost-startStop-1] o.s.b.w.s.FilterRegistrationBean         : Mapping filter: 'httpPutFormContentFilter' to: [/*]
2018-10-09 17:08:23.437  INFO Nabeel-PC --- [ost-startStop-1] o.s.b.w.s.FilterRegistrationBean         : Mapping filter: 'requestContextFilter' to: [/*]
2018-10-09 17:08:23.523  INFO Nabeel-PC --- [           main] c.b.f.c.MongoConfiguration               : Mongo-Configuration....
2018-10-09 17:08:23.618  INFO Nabeel-PC --- [           main] c.b.f.p.IFProperties                     : local-store-properties-constructor
2018-10-09 17:08:23.623  INFO Nabeel-PC --- [           main] c.b.f.m.FileStoreManager                 : file path init. => ./uploads
2018-10-09 17:08:23.625  INFO Nabeel-PC --- [           main] c.b.f.m.FileStoreManager                 : file directories create successfully
2018-10-09 17:08:24.653  INFO Nabeel-PC --- [           main] o.m.d.cluster                            : Cluster created with settings {hosts=[localhost:27017], mode=SINGLE, requiredClusterType=UNKNOWN, serverSelectionTimeout='30000 ms', maxWaitQueueSize=500}
2018-10-09 17:08:24.935  INFO Nabeel-PC --- [localhost:27017] o.m.d.connection                         : Opened connection [connectionId{localValue:1, serverValue:49}] to localhost:27017
2018-10-09 17:08:24.979  INFO Nabeel-PC --- [localhost:27017] o.m.d.cluster                            : Monitor thread successfully connected to server with description ServerDescription{address=localhost:27017, type=STANDALONE, state=CONNECTED, ok=true, version=ServerVersion{versionList=[3, 6, 3]}, minWireVersion=0, maxWireVersion=6, maxDocumentSize=16777216, logicalSessionTimeoutMinutes=30, roundTripTimeNanos=9825081}
2018-10-09 17:08:26.774  INFO Nabeel-PC --- [           main] s.w.s.m.m.a.RequestMappingHandlerMapping : Mapped "{[/api/save/account/local],methods=[POST]}" onto public org.springframework.http.ResponseEntity<com.ballistic.fserver.restapi.APIResponse<?>> com.ballistic.fserver.restapi.AppRestController.saveAccountWithSingleFile(com.ballistic.fserver.dto.AccountBean,org.springframework.validation.BindingResult) throws com.ballistic.fserver.exception.IllegalBeanFieldException
2018-10-09 17:08:26.779  INFO Nabeel-PC --- [           main] s.w.s.m.m.a.RequestMappingHandlerMapping : Mapped "{[/api/save/accounts/local],methods=[POST]}" onto public org.springframework.http.ResponseEntity<java.util.List<com.ballistic.fserver.restapi.APIResponse<?>>> com.ballistic.fserver.restapi.AppRestController.saveAccountsWithFile(java.util.List<com.ballistic.fserver.dto.AccountBean>)
2018-10-09 17:08:26.781  INFO Nabeel-PC --- [           main] s.w.s.m.m.a.RequestMappingHandlerMapping : Mapped "{[/api/fetch/accounts/local/status={status}],methods=[GET]}" onto public java.lang.String com.ballistic.fserver.restapi.AppRestController.fetchAllAccountByStatus(java.lang.String)
2018-10-09 17:08:26.783  INFO Nabeel-PC --- [           main] s.w.s.m.m.a.RequestMappingHandlerMapping : Mapped "{[/api/ping],methods=[GET]}" onto public java.lang.String com.ballistic.fserver.restapi.AppRestController.pingPong()
2018-10-09 17:08:26.785  INFO Nabeel-PC --- [           main] s.w.s.m.m.a.RequestMappingHandlerMapping : Mapped "{[/api/save/file/local],methods=[POST]}" onto public org.springframework.http.ResponseEntity<com.ballistic.fserver.restapi.APIResponse> com.ballistic.fserver.restapi.AppRestController.uploadFile(org.springframework.web.multipart.MultipartFile) throws com.ballistic.fserver.exception.IllegalFileFormatException,com.ballistic.fserver.exception.FileStorageException
2018-10-09 17:08:26.788  INFO Nabeel-PC --- [           main] s.w.s.m.m.a.RequestMappingHandlerMapping : Mapped "{[/api/save/files/local],methods=[POST]}" onto public org.springframework.http.ResponseEntity<java.util.List<com.ballistic.fserver.restapi.APIResponse<?>>> com.ballistic.fserver.restapi.AppRestController.uploadFiles(java.util.List<org.springframework.web.multipart.MultipartFile>) throws com.ballistic.fserver.exception.IllegalFileFormatException,com.ballistic.fserver.exception.FileStorageException
2018-10-09 17:08:26.792  INFO Nabeel-PC --- [           main] s.w.s.m.m.a.RequestMappingHandlerMapping : Mapped "{[/api/fetch/accounts/accountId={id}],methods=[GET]}" onto public java.util.Optional<com.ballistic.fserver.pojo.Account> com.ballistic.fserver.restapi.AppRestController.fetchAccount(java.lang.String)
2018-10-09 17:08:26.794  INFO Nabeel-PC --- [           main] s.w.s.m.m.a.RequestMappingHandlerMapping : Mapped "{[/api/fetch/accounts/local],methods=[GET]}" onto public java.util.List<com.ballistic.fserver.pojo.Account> com.ballistic.fserver.restapi.AppRestController.fetchAllAccounts()
2018-10-09 17:08:26.796  INFO Nabeel-PC --- [           main] s.w.s.m.m.a.RequestMappingHandlerMapping : Mapped "{[/api/delete/account/local/accountId={id}],methods=[DELETE]}" onto public com.ballistic.fserver.pojo.Account com.ballistic.fserver.restapi.AppRestController.deleteAccount(java.lang.String)
2018-10-09 17:08:26.797  INFO Nabeel-PC --- [           main] s.w.s.m.m.a.RequestMappingHandlerMapping : Mapped "{[/api/delete/accounts/local],methods=[POST]}" onto public java.util.List<com.ballistic.fserver.pojo.Account> com.ballistic.fserver.restapi.AppRestController.deleteAccounts(java.util.List<java.lang.String>)
2018-10-09 17:08:26.812  INFO Nabeel-PC --- [           main] s.w.s.m.m.a.RequestMappingHandlerMapping : Mapped "{[/swagger-resources/configuration/ui]}" onto public org.springframework.http.ResponseEntity<springfox.documentation.swagger.web.UiConfiguration> springfox.documentation.swagger.web.ApiResourceController.uiConfiguration()
2018-10-09 17:08:26.817  INFO Nabeel-PC --- [           main] s.w.s.m.m.a.RequestMappingHandlerMapping : Mapped "{[/swagger-resources]}" onto public org.springframework.http.ResponseEntity<java.util.List<springfox.documentation.swagger.web.SwaggerResource>> springfox.documentation.swagger.web.ApiResourceController.swaggerResources()
2018-10-09 17:08:26.820  INFO Nabeel-PC --- [           main] s.w.s.m.m.a.RequestMappingHandlerMapping : Mapped "{[/swagger-resources/configuration/security]}" onto public org.springframework.http.ResponseEntity<springfox.documentation.swagger.web.SecurityConfiguration> springfox.documentation.swagger.web.ApiResourceController.securityConfiguration()
2018-10-09 17:08:26.839  INFO Nabeel-PC --- [           main] s.w.s.m.m.a.RequestMappingHandlerMapping : Mapped "{[/error]}" onto public org.springframework.http.ResponseEntity<java.util.Map<java.lang.String, java.lang.Object>> org.springframework.boot.autoconfigure.web.servlet.error.BasicErrorController.error(javax.servlet.http.HttpServletRequest)
2018-10-09 17:08:26.847  INFO Nabeel-PC --- [           main] s.w.s.m.m.a.RequestMappingHandlerMapping : Mapped "{[/error],produces=[text/html]}" onto public org.springframework.web.servlet.ModelAndView org.springframework.boot.autoconfigure.web.servlet.error.BasicErrorController.errorHtml(javax.servlet.http.HttpServletRequest,javax.servlet.http.HttpServletResponse)
2018-10-09 17:08:27.099  INFO Nabeel-PC --- [           main] o.m.d.cluster                            : Cluster created with settings {hosts=[localhost:27017], mode=SINGLE, requiredClusterType=UNKNOWN, serverSelectionTimeout='30000 ms', maxWaitQueueSize=500}
2018-10-09 17:08:27.143  INFO Nabeel-PC --- [localhost:27017] o.m.d.connection                         : Opened connection [connectionId{localValue:2, serverValue:50}] to localhost:27017
2018-10-09 17:08:27.150  INFO Nabeel-PC --- [localhost:27017] o.m.d.cluster                            : Monitor thread successfully connected to server with description ServerDescription{address=localhost:27017, type=STANDALONE, state=CONNECTED, ok=true, version=ServerVersion{versionList=[3, 6, 3]}, minWireVersion=0, maxWireVersion=6, maxDocumentSize=16777216, logicalSessionTimeoutMinutes=30, roundTripTimeNanos=1320930}
2018-10-09 17:08:27.202  INFO Nabeel-PC --- [           main] pertySourcedRequestMappingHandlerMapping : Mapped URL path [/v2/api-docs] onto method [public org.springframework.http.ResponseEntity<springfox.documentation.spring.web.json.Json> springfox.documentation.swagger2.web.Swagger2Controller.getDocumentation(java.lang.String,javax.servlet.http.HttpServletRequest)]
2018-10-09 17:08:27.391  INFO Nabeel-PC --- [           main] o.s.w.s.h.SimpleUrlHandlerMapping        : Mapped URL path [/**/favicon.ico] onto handler of type [class org.springframework.web.servlet.resource.ResourceHttpRequestHandler]
2018-10-09 17:08:27.761  INFO Nabeel-PC --- [           main] s.w.s.m.m.a.RequestMappingHandlerAdapter : Looking for @ControllerAdvice: org.springframework.boot.web.servlet.context.AnnotationConfigServletWebServerApplicationContext@4c79fe8b: startup date [Tue Oct 09 17:08:19 PKT 2018]; root of context hierarchy
2018-10-09 17:08:27.889  INFO Nabeel-PC --- [           main] o.s.w.s.h.SimpleUrlHandlerMapping        : Mapped URL path [/webjars/**] onto handler of type [class org.springframework.web.servlet.resource.ResourceHttpRequestHandler]
2018-10-09 17:08:27.892  INFO Nabeel-PC --- [           main] o.s.w.s.h.SimpleUrlHandlerMapping        : Mapped URL path [/**] onto handler of type [class org.springframework.web.servlet.resource.ResourceHttpRequestHandler]
2018-10-09 17:08:27.931  INFO Nabeel-PC --- [           main] .m.m.a.ExceptionHandlerExceptionResolver : Detected @ExceptionHandler methods in restExceptionHandler
2018-10-09 17:08:28.302  INFO Nabeel-PC --- [           main] o.s.j.e.a.AnnotationMBeanExporter        : Registering beans for JMX exposure on startup
2018-10-09 17:08:28.330  INFO Nabeel-PC --- [           main] o.s.c.s.DefaultLifecycleProcessor        : Starting beans in phase 2147483647
2018-10-09 17:08:28.331  INFO Nabeel-PC --- [           main] d.s.w.p.DocumentationPluginsBootstrapper : Context refreshed
2018-10-09 17:08:28.392  INFO Nabeel-PC --- [           main] d.s.w.p.DocumentationPluginsBootstrapper : Found 1 custom documentation plugin(s)
2018-10-09 17:08:28.455  INFO Nabeel-PC --- [           main] s.d.s.w.s.ApiListingReferenceScanner     : Scanning for api listing references
2018-10-09 17:08:28.699  WARN Nabeel-PC --- [           main] s.d.s.w.r.p.ParameterDataTypeReader      : Trying to infer dataType java.util.List<java.lang.String>
2018-10-09 17:08:28.865  INFO Nabeel-PC --- [           main] o.a.c.h.Http11NioProtocol                : Starting ProtocolHandler ["http-nio-9191"]
2018-10-09 17:08:28.881  INFO Nabeel-PC --- [           main] o.a.t.u.n.NioSelectorPool                : Using a shared selector for servlet write/read
2018-10-09 17:08:28.908  INFO Nabeel-PC --- [           main] o.s.b.w.e.t.TomcatWebServer              : Tomcat started on port(s): 9191 (http) with context path ''
2018-10-09 17:08:28.916  INFO Nabeel-PC --- [           main] c.b.f.FserverApplication                 : Started FserverApplication in 9.981 seconds (JVM running for 20.991)
2018-10-09 17:09:13.699  INFO Nabeel-PC --- [nio-9191-exec-1] o.a.c.c.C.[.[.[/]                        : Initializing Spring FrameworkServlet 'dispatcherServlet'
2018-10-09 17:09:13.700  INFO Nabeel-PC --- [nio-9191-exec-1] o.s.w.s.DispatcherServlet                : FrameworkServlet 'dispatcherServlet': initialization started
2018-10-09 17:09:13.954  INFO Nabeel-PC --- [nio-9191-exec-1] o.s.w.s.DispatcherServlet                : FrameworkServlet 'dispatcherServlet': initialization completed in 252 ms
2018-10-09 17:09:14.210  WARN Nabeel-PC --- [nio-9191-exec-1] o.s.w.s.PageNotFound                     : Request method 'POST' not supported
2018-10-09 17:09:14.248  WARN Nabeel-PC --- [nio-9191-exec-1] .m.m.a.ExceptionHandlerExceptionResolver : Resolved [org.springframework.web.HttpRequestMethodNotSupportedException: Request method 'POST' not supported]
2018-10-09 17:09:26.160  WARN Nabeel-PC --- [nio-9191-exec-2] o.s.w.s.PageNotFound                     : Request method 'POST' not supported
2018-10-09 17:09:26.167  WARN Nabeel-PC --- [nio-9191-exec-2] .m.m.a.ExceptionHandlerExceptionResolver : Resolved [org.springframework.web.HttpRequestMethodNotSupportedException: Request method 'POST' not supported]
2018-10-09 17:22:14.008  INFO Nabeel-PC --- [       Thread-3] ConfigServletWebServerApplicationContext : Closing org.springframework.boot.web.servlet.context.AnnotationConfigServletWebServerApplicationContext@4c79fe8b: startup date [Tue Oct 09 17:08:19 PKT 2018]; root of context hierarchy
2018-10-09 17:22:14.022  INFO Nabeel-PC --- [       Thread-3] o.s.c.s.DefaultLifecycleProcessor        : Stopping beans in phase 2147483647
2018-10-09 17:22:14.025  INFO Nabeel-PC --- [       Thread-3] o.s.j.e.a.AnnotationMBeanExporter        : Unregistering JMX-exposed beans on shutdown
2018-10-09 17:22:31.895  INFO Nabeel-PC --- [           main] c.b.f.FserverApplication                 : Starting FserverApplication on Nabeel-PC with PID 4872 (C:\Users\AdMaxim\Desktop\fserver\target\classes started by AdMaxim in C:\Users\AdMaxim\Desktop\fserver)
2018-10-09 17:22:31.913  INFO Nabeel-PC --- [           main] c.b.f.FserverApplication                 : No active profile set, falling back to default profiles: default
2018-10-09 17:22:32.000  INFO Nabeel-PC --- [           main] ConfigServletWebServerApplicationContext : Refreshing org.springframework.boot.web.servlet.context.AnnotationConfigServletWebServerApplicationContext@57a97f87: startup date [Tue Oct 09 17:22:31 PKT 2018]; root of context hierarchy
2018-10-09 17:22:35.339  INFO Nabeel-PC --- [           main] o.s.b.w.e.t.TomcatWebServer              : Tomcat initialized with port(s): 9191 (http)
2018-10-09 17:22:35.362  INFO Nabeel-PC --- [           main] o.a.c.h.Http11NioProtocol                : Initializing ProtocolHandler ["http-nio-9191"]
2018-10-09 17:22:35.381  INFO Nabeel-PC --- [           main] o.a.c.c.StandardService                  : Starting service [Tomcat]
2018-10-09 17:22:35.382  INFO Nabeel-PC --- [           main] o.a.c.c.StandardEngine                   : Starting Servlet Engine: Apache Tomcat/8.5.34
2018-10-09 17:22:35.397  INFO Nabeel-PC --- [ost-startStop-1] o.a.c.c.AprLifecycleListener             : The APR based Apache Tomcat Native library which allows optimal performance in production environments was not found on the java.library.path: [C:\Program Files\Java\jdk1.8.0_92\bin;C:\Windows\Sun\Java\bin;C:\Windows\system32;C:\Windows;C:\ProgramData\Oracle\Java\javapath;C:\Windows\system32;C:\Windows;C:\Windows\System32\Wbem;C:\Windows\System32\WindowsPowerShell\v1.0\;C:\Program Files\TortoiseSVN\bin;C:\Program Files\apache-maven-3.5.2\bin;C:\Program Files\nodejs\;C:\Program Files\MongoDB\Server\3.6\bin;C:\Go\bin;C:\Program Files (x86)\Microsoft VS Code\bin;C:\Program Files (x86)\Microsoft VS Code\bin;C:\Users\AdMaxim\AppData\Roaming\npm;C:\Program Files\Heroku\bin;C:\Users\AdMaxim\AppData\Local\GitHubDesktop\bin;%GOPATH%\bin;.]
2018-10-09 17:22:35.580  INFO Nabeel-PC --- [ost-startStop-1] o.a.c.c.C.[.[.[/]                        : Initializing Spring embedded WebApplicationContext
2018-10-09 17:22:35.582  INFO Nabeel-PC --- [ost-startStop-1] o.s.w.c.ContextLoader                    : Root WebApplicationContext: initialization completed in 3587 ms
2018-10-09 17:22:35.701  INFO Nabeel-PC --- [ost-startStop-1] o.s.b.w.s.ServletRegistrationBean        : Servlet dispatcherServlet mapped to [/]
2018-10-09 17:22:35.708  INFO Nabeel-PC --- [ost-startStop-1] o.s.b.w.s.FilterRegistrationBean         : Mapping filter: 'characterEncodingFilter' to: [/*]
2018-10-09 17:22:35.709  INFO Nabeel-PC --- [ost-startStop-1] o.s.b.w.s.FilterRegistrationBean         : Mapping filter: 'hiddenHttpMethodFilter' to: [/*]
2018-10-09 17:22:35.711  INFO Nabeel-PC --- [ost-startStop-1] o.s.b.w.s.FilterRegistrationBean         : Mapping filter: 'httpPutFormContentFilter' to: [/*]
2018-10-09 17:22:35.711  INFO Nabeel-PC --- [ost-startStop-1] o.s.b.w.s.FilterRegistrationBean         : Mapping filter: 'requestContextFilter' to: [/*]
2018-10-09 17:22:35.799  INFO Nabeel-PC --- [           main] c.b.f.c.MongoConfiguration               : Mongo-Configuration....
2018-10-09 17:22:35.890  INFO Nabeel-PC --- [           main] c.b.f.p.IFProperties                     : local-store-properties-constructor
2018-10-09 17:22:35.896  INFO Nabeel-PC --- [           main] c.b.f.m.FileStoreManager                 : file path init. => ./uploads
2018-10-09 17:22:35.899  INFO Nabeel-PC --- [           main] c.b.f.m.FileStoreManager                 : file directories create successfully
2018-10-09 17:22:36.936  INFO Nabeel-PC --- [           main] o.m.d.cluster                            : Cluster created with settings {hosts=[localhost:27017], mode=SINGLE, requiredClusterType=UNKNOWN, serverSelectionTimeout='30000 ms', maxWaitQueueSize=500}
2018-10-09 17:22:37.219  INFO Nabeel-PC --- [localhost:27017] o.m.d.connection                         : Opened connection [connectionId{localValue:1, serverValue:51}] to localhost:27017
2018-10-09 17:22:37.240  INFO Nabeel-PC --- [localhost:27017] o.m.d.cluster                            : Monitor thread successfully connected to server with description ServerDescription{address=localhost:27017, type=STANDALONE, state=CONNECTED, ok=true, version=ServerVersion{versionList=[3, 6, 3]}, minWireVersion=0, maxWireVersion=6, maxDocumentSize=16777216, logicalSessionTimeoutMinutes=30, roundTripTimeNanos=9525744}
2018-10-09 17:22:39.132  INFO Nabeel-PC --- [           main] s.w.s.m.m.a.RequestMappingHandlerMapping : Mapped "{[/api/ping],methods=[GET]}" onto public java.lang.String com.ballistic.fserver.restapi.AppRestController.pingPong()
2018-10-09 17:22:39.136  INFO Nabeel-PC --- [           main] s.w.s.m.m.a.RequestMappingHandlerMapping : Mapped "{[/api/save/file/local],methods=[POST]}" onto public org.springframework.http.ResponseEntity<com.ballistic.fserver.restapi.APIResponse> com.ballistic.fserver.restapi.AppRestController.uploadFile(org.springframework.web.multipart.MultipartFile) throws com.ballistic.fserver.exception.IllegalFileFormatException,com.ballistic.fserver.exception.FileStorageException
2018-10-09 17:22:39.139  INFO Nabeel-PC --- [           main] s.w.s.m.m.a.RequestMappingHandlerMapping : Mapped "{[/api/save/files/local],methods=[POST]}" onto public org.springframework.http.ResponseEntity<java.util.List<com.ballistic.fserver.restapi.APIResponse<?>>> com.ballistic.fserver.restapi.AppRestController.uploadFiles(java.util.List<org.springframework.web.multipart.MultipartFile>) throws com.ballistic.fserver.exception.IllegalFileFormatException,com.ballistic.fserver.exception.FileStorageException
2018-10-09 17:22:39.142  INFO Nabeel-PC --- [           main] s.w.s.m.m.a.RequestMappingHandlerMapping : Mapped "{[/api/fetch/accounts/accountId={id}],methods=[GET]}" onto public java.util.Optional<com.ballistic.fserver.pojo.Account> com.ballistic.fserver.restapi.AppRestController.fetchAccount(java.lang.String)
2018-10-09 17:22:39.144  INFO Nabeel-PC --- [           main] s.w.s.m.m.a.RequestMappingHandlerMapping : Mapped "{[/api/fetch/accounts/local],methods=[GET]}" onto public java.util.List<com.ballistic.fserver.pojo.Account> com.ballistic.fserver.restapi.AppRestController.fetchAllAccounts()
2018-10-09 17:22:39.145  INFO Nabeel-PC --- [           main] s.w.s.m.m.a.RequestMappingHandlerMapping : Mapped "{[/api/delete/account/local/accountId={id}],methods=[DELETE]}" onto public com.ballistic.fserver.pojo.Account com.ballistic.fserver.restapi.AppRestController.deleteAccount(java.lang.String)
2018-10-09 17:22:39.149  INFO Nabeel-PC --- [           main] s.w.s.m.m.a.RequestMappingHandlerMapping : Mapped "{[/api/delete/accounts/local],methods=[POST]}" onto public java.util.List<com.ballistic.fserver.pojo.Account> com.ballistic.fserver.restapi.AppRestController.deleteAccounts(java.util.List<java.lang.String>)
2018-10-09 17:22:39.151  INFO Nabeel-PC --- [           main] s.w.s.m.m.a.RequestMappingHandlerMapping : Mapped "{[/api/save/account/local],methods=[POST]}" onto public org.springframework.http.ResponseEntity<com.ballistic.fserver.restapi.APIResponse<?>> com.ballistic.fserver.restapi.AppRestController.saveAccountWithSingleFile(com.ballistic.fserver.dto.AccountBean,org.springframework.validation.BindingResult) throws com.ballistic.fserver.exception.IllegalBeanFieldException
2018-10-09 17:22:39.155  INFO Nabeel-PC --- [           main] s.w.s.m.m.a.RequestMappingHandlerMapping : Mapped "{[/api/save/accounts/local],methods=[POST]}" onto public org.springframework.http.ResponseEntity<java.util.List<com.ballistic.fserver.restapi.APIResponse<?>>> com.ballistic.fserver.restapi.AppRestController.saveAccountsWithFile(java.util.List<com.ballistic.fserver.dto.AccountBean>)
2018-10-09 17:22:39.158  INFO Nabeel-PC --- [           main] s.w.s.m.m.a.RequestMappingHandlerMapping : Mapped "{[/api/fetch/accounts/local/status={status}],methods=[GET]}" onto public java.lang.String com.ballistic.fserver.restapi.AppRestController.fetchAllAccountByStatus(java.lang.String)
2018-10-09 17:22:39.171  INFO Nabeel-PC --- [           main] s.w.s.m.m.a.RequestMappingHandlerMapping : Mapped "{[/swagger-resources/configuration/ui]}" onto public org.springframework.http.ResponseEntity<springfox.documentation.swagger.web.UiConfiguration> springfox.documentation.swagger.web.ApiResourceController.uiConfiguration()
2018-10-09 17:22:39.179  INFO Nabeel-PC --- [           main] s.w.s.m.m.a.RequestMappingHandlerMapping : Mapped "{[/swagger-resources]}" onto public org.springframework.http.ResponseEntity<java.util.List<springfox.documentation.swagger.web.SwaggerResource>> springfox.documentation.swagger.web.ApiResourceController.swaggerResources()
2018-10-09 17:22:39.182  INFO Nabeel-PC --- [           main] s.w.s.m.m.a.RequestMappingHandlerMapping : Mapped "{[/swagger-resources/configuration/security]}" onto public org.springframework.http.ResponseEntity<springfox.documentation.swagger.web.SecurityConfiguration> springfox.documentation.swagger.web.ApiResourceController.securityConfiguration()
2018-10-09 17:22:39.199  INFO Nabeel-PC --- [           main] s.w.s.m.m.a.RequestMappingHandlerMapping : Mapped "{[/error]}" onto public org.springframework.http.ResponseEntity<java.util.Map<java.lang.String, java.lang.Object>> org.springframework.boot.autoconfigure.web.servlet.error.BasicErrorController.error(javax.servlet.http.HttpServletRequest)
2018-10-09 17:22:39.203  INFO Nabeel-PC --- [           main] s.w.s.m.m.a.RequestMappingHandlerMapping : Mapped "{[/error],produces=[text/html]}" onto public org.springframework.web.servlet.ModelAndView org.springframework.boot.autoconfigure.web.servlet.error.BasicErrorController.errorHtml(javax.servlet.http.HttpServletRequest,javax.servlet.http.HttpServletResponse)
2018-10-09 17:22:39.456  INFO Nabeel-PC --- [           main] o.m.d.cluster                            : Cluster created with settings {hosts=[localhost:27017], mode=SINGLE, requiredClusterType=UNKNOWN, serverSelectionTimeout='30000 ms', maxWaitQueueSize=500}
2018-10-09 17:22:39.522  INFO Nabeel-PC --- [localhost:27017] o.m.d.connection                         : Opened connection [connectionId{localValue:2, serverValue:52}] to localhost:27017
2018-10-09 17:22:39.525  INFO Nabeel-PC --- [localhost:27017] o.m.d.cluster                            : Monitor thread successfully connected to server with description ServerDescription{address=localhost:27017, type=STANDALONE, state=CONNECTED, ok=true, version=ServerVersion{versionList=[3, 6, 3]}, minWireVersion=0, maxWireVersion=6, maxDocumentSize=16777216, logicalSessionTimeoutMinutes=30, roundTripTimeNanos=2028646}
2018-10-09 17:22:39.566  INFO Nabeel-PC --- [           main] pertySourcedRequestMappingHandlerMapping : Mapped URL path [/v2/api-docs] onto method [public org.springframework.http.ResponseEntity<springfox.documentation.spring.web.json.Json> springfox.documentation.swagger2.web.Swagger2Controller.getDocumentation(java.lang.String,javax.servlet.http.HttpServletRequest)]
2018-10-09 17:22:39.747  INFO Nabeel-PC --- [           main] o.s.w.s.h.SimpleUrlHandlerMapping        : Mapped URL path [/**/favicon.ico] onto handler of type [class org.springframework.web.servlet.resource.ResourceHttpRequestHandler]
2018-10-09 17:22:40.167  INFO Nabeel-PC --- [           main] s.w.s.m.m.a.RequestMappingHandlerAdapter : Looking for @ControllerAdvice: org.springframework.boot.web.servlet.context.AnnotationConfigServletWebServerApplicationContext@57a97f87: startup date [Tue Oct 09 17:22:31 PKT 2018]; root of context hierarchy
2018-10-09 17:22:40.303  INFO Nabeel-PC --- [           main] o.s.w.s.h.SimpleUrlHandlerMapping        : Mapped URL path [/webjars/**] onto handler of type [class org.springframework.web.servlet.resource.ResourceHttpRequestHandler]
2018-10-09 17:22:40.325  INFO Nabeel-PC --- [           main] o.s.w.s.h.SimpleUrlHandlerMapping        : Mapped URL path [/**] onto handler of type [class org.springframework.web.servlet.resource.ResourceHttpRequestHandler]
2018-10-09 17:22:40.362  INFO Nabeel-PC --- [           main] .m.m.a.ExceptionHandlerExceptionResolver : Detected @ExceptionHandler methods in restExceptionHandler
2018-10-09 17:22:40.757  INFO Nabeel-PC --- [           main] o.s.j.e.a.AnnotationMBeanExporter        : Registering beans for JMX exposure on startup
2018-10-09 17:22:40.778  INFO Nabeel-PC --- [           main] o.s.c.s.DefaultLifecycleProcessor        : Starting beans in phase 2147483647
2018-10-09 17:22:40.779  INFO Nabeel-PC --- [           main] d.s.w.p.DocumentationPluginsBootstrapper : Context refreshed
2018-10-09 17:22:40.836  INFO Nabeel-PC --- [           main] d.s.w.p.DocumentationPluginsBootstrapper : Found 1 custom documentation plugin(s)
2018-10-09 17:22:40.899  INFO Nabeel-PC --- [           main] s.d.s.w.s.ApiListingReferenceScanner     : Scanning for api listing references
2018-10-09 17:22:41.154  WARN Nabeel-PC --- [           main] s.d.s.w.r.p.ParameterDataTypeReader      : Trying to infer dataType java.util.List<java.lang.String>
2018-10-09 17:22:41.305  INFO Nabeel-PC --- [           main] o.a.c.h.Http11NioProtocol                : Starting ProtocolHandler ["http-nio-9191"]
2018-10-09 17:22:41.324  INFO Nabeel-PC --- [           main] o.a.t.u.n.NioSelectorPool                : Using a shared selector for servlet write/read
2018-10-09 17:22:41.363  INFO Nabeel-PC --- [           main] o.s.b.w.e.t.TomcatWebServer              : Tomcat started on port(s): 9191 (http) with context path ''
2018-10-09 17:22:41.370  INFO Nabeel-PC --- [           main] c.b.f.FserverApplication                 : Started FserverApplication in 10.44 seconds (JVM running for 22.606)
2018-10-09 18:37:32.477  INFO Nabeel-PC --- [nio-9191-exec-1] o.a.c.c.C.[.[.[/]                        : Initializing Spring FrameworkServlet 'dispatcherServlet'
2018-10-09 18:37:32.479  INFO Nabeel-PC --- [nio-9191-exec-1] o.s.w.s.DispatcherServlet                : FrameworkServlet 'dispatcherServlet': initialization started
2018-10-09 18:37:32.557  INFO Nabeel-PC --- [nio-9191-exec-1] o.s.w.s.DispatcherServlet                : FrameworkServlet 'dispatcherServlet': initialization completed in 76 ms
2018-10-09 18:38:45.242  INFO Nabeel-PC --- [       Thread-3] ConfigServletWebServerApplicationContext : Closing org.springframework.boot.web.servlet.context.AnnotationConfigServletWebServerApplicationContext@57a97f87: startup date [Tue Oct 09 17:22:31 PKT 2018]; root of context hierarchy
2018-10-09 18:38:45.306  INFO Nabeel-PC --- [       Thread-3] o.s.c.s.DefaultLifecycleProcessor        : Stopping beans in phase 2147483647
2018-10-09 18:38:45.320  INFO Nabeel-PC --- [       Thread-3] o.s.j.e.a.AnnotationMBeanExporter        : Unregistering JMX-exposed beans on shutdown
2018-10-09 18:39:06.812  INFO Nabeel-PC --- [           main] c.b.f.FserverApplication                 : Starting FserverApplication on Nabeel-PC with PID 6392 (C:\Users\AdMaxim\Desktop\fserver\target\classes started by AdMaxim in C:\Users\AdMaxim\Desktop\fserver)
2018-10-09 18:39:06.842  INFO Nabeel-PC --- [           main] c.b.f.FserverApplication                 : No active profile set, falling back to default profiles: default
2018-10-09 18:39:07.052  INFO Nabeel-PC --- [           main] ConfigServletWebServerApplicationContext : Refreshing org.springframework.boot.web.servlet.context.AnnotationConfigServletWebServerApplicationContext@10e6df2f: startup date [Tue Oct 09 18:39:07 PKT 2018]; root of context hierarchy
2018-10-09 18:39:12.866  INFO Nabeel-PC --- [           main] o.s.b.w.e.t.TomcatWebServer              : Tomcat initialized with port(s): 9191 (http)
2018-10-09 18:39:12.921  INFO Nabeel-PC --- [           main] o.a.c.h.Http11NioProtocol                : Initializing ProtocolHandler ["http-nio-9191"]
2018-10-09 18:39:12.976  INFO Nabeel-PC --- [           main] o.a.c.c.StandardService                  : Starting service [Tomcat]
2018-10-09 18:39:12.980  INFO Nabeel-PC --- [           main] o.a.c.c.StandardEngine                   : Starting Servlet Engine: Apache Tomcat/8.5.34
2018-10-09 18:39:13.017  INFO Nabeel-PC --- [ost-startStop-1] o.a.c.c.AprLifecycleListener             : The APR based Apache Tomcat Native library which allows optimal performance in production environments was not found on the java.library.path: [C:\Program Files\Java\jdk1.8.0_92\bin;C:\Windows\Sun\Java\bin;C:\Windows\system32;C:\Windows;C:\ProgramData\Oracle\Java\javapath;C:\Windows\system32;C:\Windows;C:\Windows\System32\Wbem;C:\Windows\System32\WindowsPowerShell\v1.0\;C:\Program Files\TortoiseSVN\bin;C:\Program Files\apache-maven-3.5.2\bin;C:\Program Files\nodejs\;C:\Program Files\MongoDB\Server\3.6\bin;C:\Go\bin;C:\Program Files (x86)\Microsoft VS Code\bin;C:\Program Files (x86)\Microsoft VS Code\bin;C:\Users\AdMaxim\AppData\Roaming\npm;C:\Program Files\Heroku\bin;C:\Users\AdMaxim\AppData\Local\GitHubDesktop\bin;%GOPATH%\bin;.]
2018-10-09 18:39:13.320  INFO Nabeel-PC --- [ost-startStop-1] o.a.c.c.C.[.[.[/]                        : Initializing Spring embedded WebApplicationContext
2018-10-09 18:39:13.322  INFO Nabeel-PC --- [ost-startStop-1] o.s.w.c.ContextLoader                    : Root WebApplicationContext: initialization completed in 6295 ms
2018-10-09 18:39:13.607  INFO Nabeel-PC --- [ost-startStop-1] o.s.b.w.s.ServletRegistrationBean        : Servlet dispatcherServlet mapped to [/]
2018-10-09 18:39:13.618  INFO Nabeel-PC --- [ost-startStop-1] o.s.b.w.s.FilterRegistrationBean         : Mapping filter: 'characterEncodingFilter' to: [/*]
2018-10-09 18:39:13.624  INFO Nabeel-PC --- [ost-startStop-1] o.s.b.w.s.FilterRegistrationBean         : Mapping filter: 'hiddenHttpMethodFilter' to: [/*]
2018-10-09 18:39:13.625  INFO Nabeel-PC --- [ost-startStop-1] o.s.b.w.s.FilterRegistrationBean         : Mapping filter: 'httpPutFormContentFilter' to: [/*]
2018-10-09 18:39:13.626  INFO Nabeel-PC --- [ost-startStop-1] o.s.b.w.s.FilterRegistrationBean         : Mapping filter: 'requestContextFilter' to: [/*]
2018-10-09 18:39:13.796  INFO Nabeel-PC --- [           main] c.b.f.c.MongoConfiguration               : Mongo-Configuration....
2018-10-09 18:39:13.946  INFO Nabeel-PC --- [           main] c.b.f.p.IFProperties                     : local-store-properties-constructor
2018-10-09 18:39:13.973  INFO Nabeel-PC --- [           main] c.b.f.m.FileStoreManager                 : file path init. => ./uploads
2018-10-09 18:39:14.017  INFO Nabeel-PC --- [           main] c.b.f.m.FileStoreManager                 : file directories create successfully
2018-10-09 18:39:15.554  INFO Nabeel-PC --- [           main] o.m.d.cluster                            : Cluster created with settings {hosts=[localhost:27017], mode=SINGLE, requiredClusterType=UNKNOWN, serverSelectionTimeout='30000 ms', maxWaitQueueSize=500}
2018-10-09 18:39:15.907  INFO Nabeel-PC --- [localhost:27017] o.m.d.connection                         : Opened connection [connectionId{localValue:1, serverValue:53}] to localhost:27017
2018-10-09 18:39:15.931  INFO Nabeel-PC --- [localhost:27017] o.m.d.cluster                            : Monitor thread successfully connected to server with description ServerDescription{address=localhost:27017, type=STANDALONE, state=CONNECTED, ok=true, version=ServerVersion{versionList=[3, 6, 3]}, minWireVersion=0, maxWireVersion=6, maxDocumentSize=16777216, logicalSessionTimeoutMinutes=30, roundTripTimeNanos=13416263}
2018-10-09 18:39:18.026  INFO Nabeel-PC --- [           main] s.w.s.m.m.a.RequestMappingHandlerMapping : Mapped "{[/api/ping],methods=[GET]}" onto public java.lang.String com.ballistic.fserver.restapi.AppRestController.pingPong()
2018-10-09 18:39:18.032  INFO Nabeel-PC --- [           main] s.w.s.m.m.a.RequestMappingHandlerMapping : Mapped "{[/api/save/file/local],methods=[POST]}" onto public org.springframework.http.ResponseEntity<com.ballistic.fserver.restapi.APIResponse> com.ballistic.fserver.restapi.AppRestController.uploadFile(org.springframework.web.multipart.MultipartFile) throws com.ballistic.fserver.exception.IllegalFileFormatException,com.ballistic.fserver.exception.FileStorageException
2018-10-09 18:39:18.036  INFO Nabeel-PC --- [           main] s.w.s.m.m.a.RequestMappingHandlerMapping : Mapped "{[/api/save/files/local],methods=[POST]}" onto public org.springframework.http.ResponseEntity<java.util.List<com.ballistic.fserver.restapi.APIResponse<?>>> com.ballistic.fserver.restapi.AppRestController.uploadFiles(java.util.List<org.springframework.web.multipart.MultipartFile>) throws com.ballistic.fserver.exception.IllegalFileFormatException,com.ballistic.fserver.exception.FileStorageException
2018-10-09 18:39:18.039  INFO Nabeel-PC --- [           main] s.w.s.m.m.a.RequestMappingHandlerMapping : Mapped "{[/api/fetch/accounts/accountId={id}],methods=[GET]}" onto public java.util.Optional<com.ballistic.fserver.pojo.Account> com.ballistic.fserver.restapi.AppRestController.fetchAccount(java.lang.String)
2018-10-09 18:39:18.040  INFO Nabeel-PC --- [           main] s.w.s.m.m.a.RequestMappingHandlerMapping : Mapped "{[/api/fetch/accounts/local],methods=[GET]}" onto public java.util.List<com.ballistic.fserver.pojo.Account> com.ballistic.fserver.restapi.AppRestController.fetchAllAccounts()
2018-10-09 18:39:18.042  INFO Nabeel-PC --- [           main] s.w.s.m.m.a.RequestMappingHandlerMapping : Mapped "{[/api/delete/account/local/accountId={id}],methods=[DELETE]}" onto public com.ballistic.fserver.pojo.Account com.ballistic.fserver.restapi.AppRestController.deleteAccount(java.lang.String)
2018-10-09 18:39:18.045  INFO Nabeel-PC --- [           main] s.w.s.m.m.a.RequestMappingHandlerMapping : Mapped "{[/api/delete/accounts/local],methods=[POST]}" onto public java.util.List<com.ballistic.fserver.pojo.Account> com.ballistic.fserver.restapi.AppRestController.deleteAccounts(java.util.List<java.lang.String>)
2018-10-09 18:39:18.047  INFO Nabeel-PC --- [           main] s.w.s.m.m.a.RequestMappingHandlerMapping : Mapped "{[/api/save/account/local],methods=[POST]}" onto public org.springframework.http.ResponseEntity<com.ballistic.fserver.restapi.APIResponse<?>> com.ballistic.fserver.restapi.AppRestController.saveAccountWithSingleFile(com.ballistic.fserver.dto.AccountBean,org.springframework.validation.BindingResult) throws com.ballistic.fserver.exception.IllegalBeanFieldException
2018-10-09 18:39:18.050  INFO Nabeel-PC --- [           main] s.w.s.m.m.a.RequestMappingHandlerMapping : Mapped "{[/api/save/accounts/local],methods=[POST]}" onto public org.springframework.http.ResponseEntity<java.util.List<com.ballistic.fserver.restapi.APIResponse<?>>> com.ballistic.fserver.restapi.AppRestController.saveAccountsWithFile(java.util.List<com.ballistic.fserver.dto.AccountBean>)
2018-10-09 18:39:18.056  INFO Nabeel-PC --- [           main] s.w.s.m.m.a.RequestMappingHandlerMapping : Mapped "{[/api/fetch/accounts/local/status={status}],methods=[GET]}" onto public java.lang.String com.ballistic.fserver.restapi.AppRestController.fetchAllAccountByStatus(java.lang.String)
2018-10-09 18:39:18.070  INFO Nabeel-PC --- [           main] s.w.s.m.m.a.RequestMappingHandlerMapping : Mapped "{[/swagger-resources/configuration/ui]}" onto public org.springframework.http.ResponseEntity<springfox.documentation.swagger.web.UiConfiguration> springfox.documentation.swagger.web.ApiResourceController.uiConfiguration()
2018-10-09 18:39:18.073  INFO Nabeel-PC --- [           main] s.w.s.m.m.a.RequestMappingHandlerMapping : Mapped "{[/swagger-resources]}" onto public org.springframework.http.ResponseEntity<java.util.List<springfox.documentation.swagger.web.SwaggerResource>> springfox.documentation.swagger.web.ApiResourceController.swaggerResources()
2018-10-09 18:39:18.080  INFO Nabeel-PC --- [           main] s.w.s.m.m.a.RequestMappingHandlerMapping : Mapped "{[/swagger-resources/configuration/security]}" onto public org.springframework.http.ResponseEntity<springfox.documentation.swagger.web.SecurityConfiguration> springfox.documentation.swagger.web.ApiResourceController.securityConfiguration()
2018-10-09 18:39:18.098  INFO Nabeel-PC --- [           main] s.w.s.m.m.a.RequestMappingHandlerMapping : Mapped "{[/error]}" onto public org.springframework.http.ResponseEntity<java.util.Map<java.lang.String, java.lang.Object>> org.springframework.boot.autoconfigure.web.servlet.error.BasicErrorController.error(javax.servlet.http.HttpServletRequest)
2018-10-09 18:39:18.103  INFO Nabeel-PC --- [           main] s.w.s.m.m.a.RequestMappingHandlerMapping : Mapped "{[/error],produces=[text/html]}" onto public org.springframework.web.servlet.ModelAndView org.springframework.boot.autoconfigure.web.servlet.error.BasicErrorController.errorHtml(javax.servlet.http.HttpServletRequest,javax.servlet.http.HttpServletResponse)
2018-10-09 18:39:18.378  INFO Nabeel-PC --- [           main] o.m.d.cluster                            : Cluster created with settings {hosts=[localhost:27017], mode=SINGLE, requiredClusterType=UNKNOWN, serverSelectionTimeout='30000 ms', maxWaitQueueSize=500}
2018-10-09 18:39:18.401  INFO Nabeel-PC --- [localhost:27017] o.m.d.connection                         : Opened connection [connectionId{localValue:2, serverValue:54}] to localhost:27017
2018-10-09 18:39:18.412  INFO Nabeel-PC --- [localhost:27017] o.m.d.cluster                            : Monitor thread successfully connected to server with description ServerDescription{address=localhost:27017, type=STANDALONE, state=CONNECTED, ok=true, version=ServerVersion{versionList=[3, 6, 3]}, minWireVersion=0, maxWireVersion=6, maxDocumentSize=16777216, logicalSessionTimeoutMinutes=30, roundTripTimeNanos=1482143}
2018-10-09 18:39:18.504  INFO Nabeel-PC --- [           main] pertySourcedRequestMappingHandlerMapping : Mapped URL path [/v2/api-docs] onto method [public org.springframework.http.ResponseEntity<springfox.documentation.spring.web.json.Json> springfox.documentation.swagger2.web.Swagger2Controller.getDocumentation(java.lang.String,javax.servlet.http.HttpServletRequest)]
2018-10-09 18:39:18.696  INFO Nabeel-PC --- [           main] o.s.w.s.h.SimpleUrlHandlerMapping        : Mapped URL path [/**/favicon.ico] onto handler of type [class org.springframework.web.servlet.resource.ResourceHttpRequestHandler]
2018-10-09 18:39:19.080  INFO Nabeel-PC --- [           main] s.w.s.m.m.a.RequestMappingHandlerAdapter : Looking for @ControllerAdvice: org.springframework.boot.web.servlet.context.AnnotationConfigServletWebServerApplicationContext@10e6df2f: startup date [Tue Oct 09 18:39:07 PKT 2018]; root of context hierarchy
2018-10-09 18:39:19.210  INFO Nabeel-PC --- [           main] o.s.w.s.h.SimpleUrlHandlerMapping        : Mapped URL path [/webjars/**] onto handler of type [class org.springframework.web.servlet.resource.ResourceHttpRequestHandler]
2018-10-09 18:39:19.211  INFO Nabeel-PC --- [           main] o.s.w.s.h.SimpleUrlHandlerMapping        : Mapped URL path [/**] onto handler of type [class org.springframework.web.servlet.resource.ResourceHttpRequestHandler]
2018-10-09 18:39:19.245  INFO Nabeel-PC --- [           main] .m.m.a.ExceptionHandlerExceptionResolver : Detected @ExceptionHandler methods in restExceptionHandler
2018-10-09 18:39:19.684  INFO Nabeel-PC --- [           main] o.s.j.e.a.AnnotationMBeanExporter        : Registering beans for JMX exposure on startup
2018-10-09 18:39:19.726  INFO Nabeel-PC --- [           main] o.s.c.s.DefaultLifecycleProcessor        : Starting beans in phase 2147483647
2018-10-09 18:39:19.728  INFO Nabeel-PC --- [           main] d.s.w.p.DocumentationPluginsBootstrapper : Context refreshed
2018-10-09 18:39:19.791  INFO Nabeel-PC --- [           main] d.s.w.p.DocumentationPluginsBootstrapper : Found 1 custom documentation plugin(s)
2018-10-09 18:39:19.845  INFO Nabeel-PC --- [           main] s.d.s.w.s.ApiListingReferenceScanner     : Scanning for api listing references
2018-10-09 18:39:20.080  WARN Nabeel-PC --- [           main] s.d.s.w.r.p.ParameterDataTypeReader      : Trying to infer dataType java.util.List<java.lang.String>
2018-10-09 18:39:20.241  INFO Nabeel-PC --- [           main] o.a.c.h.Http11NioProtocol                : Starting ProtocolHandler ["http-nio-9191"]
2018-10-09 18:39:20.257  INFO Nabeel-PC --- [           main] o.a.t.u.n.NioSelectorPool                : Using a shared selector for servlet write/read
2018-10-09 18:39:20.284  INFO Nabeel-PC --- [           main] o.s.b.w.e.t.TomcatWebServer              : Tomcat started on port(s): 9191 (http) with context path ''
2018-10-09 18:39:20.292  INFO Nabeel-PC --- [           main] c.b.f.FserverApplication                 : Started FserverApplication in 15.412 seconds (JVM running for 30.375)
2018-10-09 18:39:36.285  INFO Nabeel-PC --- [nio-9191-exec-1] o.a.c.c.C.[.[.[/]                        : Initializing Spring FrameworkServlet 'dispatcherServlet'
2018-10-09 18:39:36.287  INFO Nabeel-PC --- [nio-9191-exec-1] o.s.w.s.DispatcherServlet                : FrameworkServlet 'dispatcherServlet': initialization started
2018-10-09 18:39:36.413  INFO Nabeel-PC --- [nio-9191-exec-1] o.s.w.s.DispatcherServlet                : FrameworkServlet 'dispatcherServlet': initialization completed in 62 ms
2018-10-09 18:44:35.518  INFO Nabeel-PC --- [       Thread-3] ConfigServletWebServerApplicationContext : Closing org.springframework.boot.web.servlet.context.AnnotationConfigServletWebServerApplicationContext@10e6df2f: startup date [Tue Oct 09 18:39:07 PKT 2018]; root of context hierarchy
2018-10-09 18:44:35.576  INFO Nabeel-PC --- [       Thread-3] o.s.c.s.DefaultLifecycleProcessor        : Stopping beans in phase 2147483647
2018-10-09 18:44:35.581  INFO Nabeel-PC --- [       Thread-3] o.s.j.e.a.AnnotationMBeanExporter        : Unregistering JMX-exposed beans on shutdown
